TN:
SF:/usr/include/x86_64-linux-gnu/qt5/QtCore/qarraydata.h
FN:57,_ZN10QArrayData4dataEv
FNDA:0,_ZN10QArrayData4dataEv
FN:123,_ZN10QArrayData10sharedNullEv
FNDA:0,_ZN10QArrayData10sharedNullEv
FN:208,_ZN15QTypedArrayDataIcE4dataEv
FNDA:4,_ZN15QTypedArrayDataIcE4dataEv
FN:236,_ZN15QTypedArrayDataItE10deallocateEP10QArrayData
FNDA:0,_ZN15QTypedArrayDataItE10deallocateEP10QArrayData
FN:236,_ZN15QTypedArrayDataIcE10deallocateEP10QArrayData
FNDA:0,_ZN15QTypedArrayDataIcE10deallocateEP10QArrayData
FN:257,_ZN15QTypedArrayDataItE10sharedNullEv
FNDA:58,_ZN15QTypedArrayDataItE10sharedNullEv
DA:57,0
DA:61,0
DA:123,0
DA:208,4
DA:236,0
DA:239,0
DA:240,0
DA:236,0
DA:239,0
DA:240,0
DA:257,58
DA:260,58
end_of_record
SF:/usr/include/c++/11/bits/atomic_base.h
FN:104,_ZStanSt12memory_orderSt23__memory_order_modifier
FNDA:0,_ZStanSt12memory_orderSt23__memory_order_modifier
FN:345,_ZNSt13__atomic_baseIiEC2Ei
FNDA:0,_ZNSt13__atomic_baseIiEC2Ei
FN:384,_ZNSt13__atomic_baseIiEppEv
FNDA:0,_ZNSt13__atomic_baseIiEppEv
FN:392,_ZNSt13__atomic_baseIiEmmEv
FNDA:0,_ZNSt13__atomic_baseIiEmmEv
DA:104,0
DA:106,0
DA:345,0
DA:384,0
DA:385,0
DA:392,0
DA:393,0
DA:484,0
DA:488,0
end_of_record
SF:/usr/include/x86_64-linux-gnu/qt5/QtCore/qobject_impl.h
FN:73,_ZN9QtPrivate15ConnectionTypesINS_4ListIJEEELb1EE5typesEv
FNDA:0,_ZN9QtPrivate15ConnectionTypesINS_4ListIJEEELb1EE5typesEv
DA:73,0
end_of_record
SF:/usr/include/c++/11/bits/basic_string.h
FN:251,_ZNSt7__cxx1112basic_stringIcSt11char_traitsIcESaIcEE16_M_construct_auxIPKcEEvT_S8_St12__false_type
FNDA:0,_ZNSt7__cxx1112basic_stringIcSt11char_traitsIcESaIcEE16_M_construct_auxIPKcEEvT_S8_St12__false_type
FN:271,_ZNSt7__cxx1112basic_stringIcSt11char_traitsIcESaIcEE12_M_constructIPKcEEvT_S8_
FNDA:0,_ZNSt7__cxx1112basic_stringIcSt11char_traitsIcESaIcEE12_M_constructIPKcEEvT_S8_
DA:251,0
DA:255,0
DA:256,0
DA:271,0
DA:274,0
DA:275,0
end_of_record
SF:/usr/include/x86_64-linux-gnu/qt5/QtCore/qalgorithms.h
FN:747,_Z22qCountTrailingZeroBitsj
FNDA:0,_Z22qCountTrailingZeroBitsj
DA:556,0
DA:747,0
DA:750,0
end_of_record
SF:/usr/include/x86_64-linux-gnu/qt5/QtCore/qstring.h
FN:569,_ZN7QStringpLERKS_
FNDA:0,_ZN7QStringpLERKS_
FN:683,_ZNKR7QString6toUtf8Ev
FNDA:4,_ZNKR7QString6toUtf8Ev
FN:704,_ZN7QString8fromUtf8EPKci
FNDA:0,_ZN7QString8fromUtf8EPKci
FN:835,_ZN7QStringC2EPKc
FNDA:85,_ZN7QStringC2EPKc
FN:1069,_ZNK7QString6lengthEv
FNDA:8,_ZNK7QString6lengthEv
FN:1077,_ZNK7QString7isEmptyEv
FNDA:1,_ZNK7QString7isEmptyEv
FN:1093,_ZN7QStringC2ERKS_
FNDA:0,_ZN7QStringC2ERKS_
FN:1310,_ZN7QStringC2Ev
FNDA:58,_ZN7QStringC2Ev
FN:1311,_ZN7QStringD2Ev
FNDA:0,_ZN7QStringD2Ev
FN:1537,_ZplRK7QStringPKc
FNDA:0,_ZplRK7QStringPKc
FN:1539,_ZplPKcRK7QString
FNDA:0,_ZplPKcRK7QString
FN:1552,_ZNK7QString11toStdStringB5cxx11Ev
FNDA:4,_ZNK7QString11toStdStringB5cxx11Ev
FN:1555,_ZN7QString13fromStdStringERKNSt7__cxx1112basic_stringIcSt11char_traitsIcESaIcEEE
FNDA:0,_ZN7QString13fromStdStringERKNSt7__cxx1112basic_stringIcSt11char_traitsIcESaIcEEE
DA:569,0
DA:683,4
DA:684,4
DA:704,0
DA:706,0
DA:835,85
DA:836,85
DA:837,85
DA:1069,8
DA:1070,8
DA:1077,1
DA:1078,1
DA:1093,0
DA:1094,0
DA:1310,58
DA:1311,0
DA:1537,0
DA:1538,0
DA:1539,0
DA:1540,0
DA:1552,4
DA:1553,8
DA:1555,0
DA:1556,0
end_of_record
SF:/home/stefan/Desktop/Catan/06-catan/src/build/ui_mainwindow.h
FN:262,_ZN13Ui_MainWindow7setupUiEP11QMainWindow
FNDA:1,_ZN13Ui_MainWindow7setupUiEP11QMainWindow
FN:1564,_ZN13Ui_MainWindow13retranslateUiEP11QMainWindow
FNDA:1,_ZN13Ui_MainWindow13retranslateUiEP11QMainWindow
DA:262,1
DA:264,1
DA:265,1
DA:266,1
DA:267,1
DA:268,1
DA:269,1
DA:270,1
DA:271,1
DA:272,1
DA:274,1
DA:275,1
DA:276,1
DA:277,1
DA:278,1
DA:279,1
DA:280,1
DA:281,1
DA:282,1
DA:283,1
DA:284,1
DA:285,1
DA:287,1
DA:289,1
DA:291,1
DA:293,1
DA:294,1
DA:295,1
DA:296,1
DA:297,1
DA:298,1
DA:299,1
DA:300,1
DA:301,1
DA:302,1
DA:303,1
DA:308,1
DA:310,1
DA:312,1
DA:314,1
DA:316,1
DA:318,1
DA:319,1
DA:320,1
DA:321,1
DA:322,1
DA:323,1
DA:324,1
DA:325,1
DA:326,1
DA:327,1
DA:328,1
DA:333,1
DA:335,1
DA:337,1
DA:339,1
DA:341,1
DA:343,1
DA:345,1
DA:347,1
DA:349,1
DA:351,1
DA:352,1
DA:353,1
DA:354,1
DA:355,1
DA:356,1
DA:361,1
DA:363,1
DA:364,1
DA:365,1
DA:366,1
DA:367,1
DA:368,1
DA:373,1
DA:375,1
DA:376,1
DA:377,1
DA:378,1
DA:379,1
DA:380,1
DA:381,1
DA:382,1
DA:383,1
DA:384,1
DA:385,1
DA:386,1
DA:387,1
DA:388,1
DA:389,1
DA:390,1
DA:391,1
DA:392,1
DA:393,1
DA:394,1
DA:395,1
DA:396,1
DA:397,1
DA:398,1
DA:399,1
DA:403,1
DA:404,1
DA:405,1
DA:406,1
DA:407,1
DA:408,1
DA:409,1
DA:410,1
DA:411,1
DA:412,1
DA:413,1
DA:414,1
DA:415,1
DA:419,1
DA:420,1
DA:421,1
DA:422,1
DA:423,1
DA:424,1
DA:425,1
DA:426,1
DA:427,1
DA:428,1
DA:429,1
DA:430,1
DA:431,1
DA:432,1
DA:434,1
DA:435,1
DA:436,1
DA:437,1
DA:438,1
DA:439,1
DA:440,1
DA:441,1
DA:442,1
DA:444,1
DA:446,1
DA:448,1
DA:450,1
DA:452,1
DA:454,1
DA:455,1
DA:456,1
DA:457,1
DA:458,1
DA:459,1
DA:460,1
DA:461,1
DA:462,1
DA:463,1
DA:464,1
DA:465,1
DA:466,1
DA:467,1
DA:468,1
DA:469,1
DA:470,1
DA:471,1
DA:472,1
DA:473,1
DA:478,1
DA:480,1
DA:482,1
DA:484,1
DA:486,1
DA:488,1
DA:489,1
DA:490,1
DA:491,1
DA:492,1
DA:494,1
DA:496,1
DA:497,1
DA:498,1
DA:499,1
DA:500,1
DA:501,1
DA:502,1
DA:503,1
DA:504,1
DA:505,1
DA:507,1
DA:509,1
DA:510,1
DA:512,1
DA:514,1
DA:516,1
DA:518,1
DA:520,1
DA:522,1
DA:524,1
DA:526,1
DA:528,1
DA:530,1
DA:532,1
DA:534,1
DA:535,1
DA:536,1
DA:537,1
DA:538,1
DA:539,1
DA:540,1
DA:541,1
DA:542,1
DA:546,1
DA:548,1
DA:549,1
DA:550,1
DA:551,1
DA:552,1
DA:553,1
DA:554,1
DA:557,1
DA:560,1
DA:562,1
DA:564,1
DA:566,1
DA:567,1
DA:568,1
DA:569,1
DA:570,1
DA:571,1
DA:575,1
DA:577,1
DA:578,1
DA:579,1
DA:580,1
DA:583,1
DA:586,1
DA:588,1
DA:589,1
DA:590,1
DA:591,1
DA:592,1
DA:593,1
DA:599,1
DA:601,1
DA:603,1
DA:605,1
DA:606,1
DA:607,1
DA:608,1
DA:609,1
DA:610,1
DA:614,1
DA:616,1
DA:617,1
DA:618,1
DA:619,1
DA:622,1
DA:625,1
DA:627,1
DA:629,1
DA:631,1
DA:632,1
DA:633,1
DA:634,1
DA:635,1
DA:636,1
DA:640,1
DA:642,1
DA:643,1
DA:644,1
DA:645,1
DA:648,1
DA:650,1
DA:653,1
DA:655,1
DA:656,1
DA:657,1
DA:658,1
DA:659,1
DA:660,1
DA:661,1
DA:667,1
DA:669,1
DA:670,1
DA:671,1
DA:672,1
DA:673,1
DA:674,1
DA:675,1
DA:677,1
DA:679,1
DA:680,1
DA:681,1
DA:682,1
DA:684,1
DA:686,1
DA:687,1
DA:688,1
DA:689,1
DA:691,1
DA:693,1
DA:694,1
DA:695,1
DA:696,1
DA:698,1
DA:700,1
DA:701,1
DA:702,1
DA:703,1
DA:704,1
DA:705,1
DA:706,1
DA:707,1
DA:708,1
DA:709,1
DA:710,1
DA:711,1
DA:712,1
DA:713,1
DA:714,1
DA:715,1
DA:716,1
DA:717,1
DA:718,1
DA:719,1
DA:720,1
DA:721,1
DA:722,1
DA:723,1
DA:724,1
DA:725,1
DA:726,1
DA:728,1
DA:730,1
DA:732,1
DA:734,1
DA:735,1
DA:736,1
DA:737,1
DA:738,1
DA:739,1
DA:741,1
DA:743,1
DA:744,1
DA:745,1
DA:746,1
DA:747,1
DA:749,1
DA:751,1
DA:752,1
DA:754,1
DA:756,1
DA:757,1
DA:758,1
DA:760,1
DA:762,1
DA:763,1
DA:764,1
DA:765,1
DA:766,1
DA:767,1
DA:768,1
DA:769,1
DA:770,1
DA:772,1
DA:774,1
DA:775,1
DA:776,1
DA:778,1
DA:780,1
DA:781,1
DA:782,1
DA:784,1
DA:786,1
DA:787,1
DA:788,1
DA:790,1
DA:792,1
DA:793,1
DA:794,1
DA:796,1
DA:798,1
DA:799,1
DA:800,1
DA:802,1
DA:804,1
DA:805,1
DA:806,1
DA:808,1
DA:810,1
DA:811,1
DA:812,1
DA:814,1
DA:816,1
DA:817,1
DA:818,1
DA:820,1
DA:822,1
DA:823,1
DA:824,1
DA:826,1
DA:828,1
DA:829,1
DA:830,1
DA:831,1
DA:832,1
DA:833,1
DA:834,1
DA:835,1
DA:836,1
DA:837,1
DA:838,1
DA:839,1
DA:840,1
DA:841,1
DA:844,1
DA:846,1
DA:848,1
DA:850,1
DA:851,1
DA:852,1
DA:854,1
DA:856,1
DA:857,1
DA:858,1
DA:860,1
DA:862,1
DA:863,1
DA:865,1
DA:867,1
DA:868,1
DA:869,1
DA:871,1
DA:873,1
DA:874,1
DA:875,1
DA:876,1
DA:877,1
DA:878,1
DA:879,1
DA:880,1
DA:881,1
DA:883,1
DA:885,1
DA:886,1
DA:887,1
DA:889,1
DA:891,1
DA:892,1
DA:893,1
DA:895,1
DA:897,1
DA:898,1
DA:899,1
DA:901,1
DA:903,1
DA:904,1
DA:905,1
DA:907,1
DA:909,1
DA:910,1
DA:911,1
DA:913,1
DA:915,1
DA:916,1
DA:917,1
DA:919,1
DA:921,1
DA:922,1
DA:923,1
DA:925,1
DA:927,1
DA:928,1
DA:929,1
DA:931,1
DA:933,1
DA:934,1
DA:935,1
DA:937,1
DA:939,1
DA:940,1
DA:941,1
DA:942,1
DA:943,1
DA:944,1
DA:945,1
DA:946,1
DA:947,1
DA:948,1
DA:949,1
DA:950,1
DA:951,1
DA:952,1
DA:955,1
DA:957,1
DA:959,1
DA:961,1
DA:962,1
DA:963,1
DA:965,1
DA:967,1
DA:968,1
DA:969,1
DA:971,1
DA:973,1
DA:974,1
DA:976,1
DA:978,1
DA:979,1
DA:980,1
DA:982,1
DA:984,1
DA:985,1
DA:986,1
DA:987,1
DA:988,1
DA:989,1
DA:990,1
DA:991,1
DA:992,1
DA:994,1
DA:996,1
DA:997,1
DA:998,1
DA:1000,1
DA:1002,1
DA:1003,1
DA:1004,1
DA:1006,1
DA:1008,1
DA:1009,1
DA:1010,1
DA:1012,1
DA:1014,1
DA:1015,1
DA:1016,1
DA:1018,1
DA:1020,1
DA:1021,1
DA:1022,1
DA:1024,1
DA:1026,1
DA:1027,1
DA:1028,1
DA:1030,1
DA:1032,1
DA:1033,1
DA:1034,1
DA:1036,1
DA:1038,1
DA:1039,1
DA:1040,1
DA:1042,1
DA:1044,1
DA:1045,1
DA:1046,1
DA:1048,1
DA:1050,1
DA:1051,1
DA:1052,1
DA:1053,1
DA:1054,1
DA:1055,1
DA:1056,1
DA:1057,1
DA:1058,1
DA:1059,1
DA:1060,1
DA:1061,1
DA:1062,1
DA:1063,1
DA:1066,1
DA:1068,1
DA:1070,1
DA:1072,1
DA:1073,1
DA:1074,1
DA:1076,1
DA:1078,1
DA:1079,1
DA:1080,1
DA:1082,1
DA:1084,1
DA:1085,1
DA:1087,1
DA:1089,1
DA:1090,1
DA:1091,1
DA:1093,1
DA:1095,1
DA:1096,1
DA:1097,1
DA:1098,1
DA:1099,1
DA:1100,1
DA:1101,1
DA:1102,1
DA:1103,1
DA:1105,1
DA:1107,1
DA:1108,1
DA:1109,1
DA:1111,1
DA:1113,1
DA:1114,1
DA:1115,1
DA:1117,1
DA:1119,1
DA:1120,1
DA:1121,1
DA:1123,1
DA:1125,1
DA:1126,1
DA:1127,1
DA:1129,1
DA:1131,1
DA:1132,1
DA:1133,1
DA:1135,1
DA:1137,1
DA:1138,1
DA:1139,1
DA:1141,1
DA:1143,1
DA:1144,1
DA:1145,1
DA:1147,1
DA:1149,1
DA:1150,1
DA:1151,1
DA:1153,1
DA:1155,1
DA:1156,1
DA:1157,1
DA:1159,1
DA:1161,1
DA:1162,1
DA:1163,1
DA:1164,1
DA:1165,1
DA:1166,1
DA:1167,1
DA:1168,1
DA:1169,1
DA:1170,1
DA:1171,1
DA:1172,1
DA:1173,1
DA:1174,1
DA:1175,1
DA:1176,1
DA:1177,1
DA:1178,1
DA:1179,1
DA:1180,1
DA:1181,1
DA:1182,1
DA:1183,1
DA:1184,1
DA:1185,1
DA:1186,1
DA:1187,1
DA:1188,1
DA:1189,1
DA:1190,1
DA:1191,1
DA:1192,1
DA:1193,1
DA:1194,1
DA:1195,1
DA:1196,1
DA:1197,1
DA:1198,1
DA:1199,1
DA:1201,1
DA:1203,1
DA:1204,1
DA:1205,1
DA:1206,1
DA:1207,1
DA:1208,1
DA:1209,1
DA:1210,1
DA:1211,1
DA:1213,1
DA:1215,1
DA:1216,1
DA:1217,1
DA:1218,1
DA:1220,1
DA:1222,1
DA:1223,1
DA:1224,1
DA:1225,1
DA:1229,1
DA:1230,1
DA:1231,1
DA:1232,1
DA:1233,1
DA:1234,1
DA:1235,1
DA:1236,1
DA:1237,1
DA:1238,1
DA:1239,1
DA:1240,1
DA:1241,1
DA:1242,1
DA:1243,1
DA:1244,1
DA:1245,1
DA:1246,1
DA:1247,1
DA:1248,1
DA:1249,1
DA:1250,1
DA:1251,1
DA:1252,1
DA:1253,1
DA:1254,1
DA:1255,1
DA:1256,1
DA:1257,1
DA:1258,1
DA:1259,1
DA:1260,1
DA:1261,1
DA:1262,1
DA:1263,1
DA:1264,1
DA:1265,1
DA:1266,1
DA:1267,1
DA:1268,1
DA:1269,1
DA:1271,1
DA:1273,1
DA:1274,1
DA:1275,1
DA:1277,1
DA:1279,1
DA:1280,1
DA:1281,1
DA:1283,1
DA:1285,1
DA:1286,1
DA:1287,1
DA:1289,1
DA:1291,1
DA:1292,1
DA:1293,1
DA:1295,1
DA:1297,1
DA:1298,1
DA:1299,1
DA:1301,1
DA:1303,1
DA:1304,1
DA:1305,1
DA:1307,1
DA:1309,1
DA:1310,1
DA:1311,1
DA:1313,1
DA:1315,1
DA:1316,1
DA:1317,1
DA:1319,1
DA:1321,1
DA:1322,1
DA:1323,1
DA:1325,1
DA:1327,1
DA:1328,1
DA:1329,1
DA:1330,1
DA:1331,1
DA:1334,1
DA:1335,1
DA:1336,1
DA:1337,1
DA:1338,1
DA:1339,1
DA:1340,1
DA:1341,1
DA:1342,1
DA:1344,1
DA:1346,1
DA:1347,1
DA:1348,1
DA:1350,1
DA:1352,1
DA:1353,1
DA:1354,1
DA:1355,1
DA:1356,1
DA:1357,1
DA:1358,1
DA:1359,1
DA:1360,1
DA:1365,1
DA:1366,1
DA:1367,1
DA:1368,1
DA:1369,1
DA:1370,1
DA:1371,1
DA:1372,1
DA:1373,1
DA:1374,1
DA:1375,1
DA:1376,1
DA:1377,1
DA:1378,1
DA:1379,1
DA:1380,1
DA:1381,1
DA:1382,1
DA:1383,1
DA:1384,1
DA:1385,1
DA:1386,1
DA:1387,1
DA:1389,1
DA:1391,1
DA:1392,1
DA:1393,1
DA:1395,1
DA:1397,1
DA:1398,1
DA:1399,1
DA:1401,1
DA:1403,1
DA:1404,1
DA:1405,1
DA:1407,1
DA:1410,1
DA:1412,1
DA:1413,1
DA:1414,1
DA:1415,1
DA:1416,1
DA:1418,1
DA:1420,1
DA:1421,1
DA:1422,1
DA:1424,1
DA:1426,1
DA:1427,1
DA:1428,1
DA:1430,1
DA:1432,1
DA:1433,1
DA:1434,1
DA:1436,1
DA:1439,1
DA:1441,1
DA:1442,1
DA:1443,1
DA:1444,1
DA:1445,1
DA:1446,1
DA:1447,1
DA:1448,1
DA:1449,1
DA:1451,1
DA:1453,1
DA:1454,1
DA:1455,1
DA:1457,1
DA:1459,1
DA:1460,1
DA:1461,1
DA:1463,1
DA:1465,1
DA:1466,1
DA:1467,1
DA:1469,1
DA:1471,1
DA:1472,1
DA:1473,1
DA:1474,1
DA:1475,1
DA:1476,1
DA:1477,1
DA:1478,1
DA:1479,1
DA:1481,1
DA:1483,1
DA:1484,1
DA:1485,1
DA:1487,1
DA:1489,1
DA:1490,1
DA:1491,1
DA:1493,1
DA:1495,1
DA:1496,1
DA:1497,1
DA:1499,1
DA:1501,1
DA:1502,1
DA:1503,1
DA:1504,1
DA:1505,1
DA:1506,1
DA:1507,1
DA:1508,1
DA:1509,1
DA:1510,1
DA:1511,1
DA:1512,1
DA:1513,1
DA:1515,1
DA:1517,1
DA:1518,1
DA:1519,1
DA:1521,1
DA:1523,1
DA:1524,1
DA:1525,1
DA:1527,1
DA:1529,1
DA:1530,1
DA:1531,1
DA:1533,1
DA:1535,1
DA:1536,1
DA:1537,1
DA:1538,1
DA:1539,1
DA:1540,1
DA:1541,1
DA:1542,1
DA:1543,1
DA:1545,1
DA:1547,1
DA:1548,1
DA:1549,1
DA:1551,1
DA:1553,1
DA:1554,1
DA:1556,1
DA:1558,1
DA:1561,1
DA:1562,1
DA:1564,1
DA:1566,1
DA:1567,1
DA:1568,1
DA:1569,1
DA:1570,1
DA:1571,1
DA:1572,1
DA:1573,1
DA:1574,1
DA:1575,1
DA:1576,1
DA:1577,1
DA:1578,1
DA:1579,1
DA:1580,1
DA:1581,1
DA:1582,1
DA:1583,1
DA:1584,1
DA:1585,1
DA:1586,1
DA:1587,1
DA:1588,1
DA:1589,1
DA:1590,1
DA:1591,1
DA:1592,1
DA:1593,1
DA:1594,1
DA:1595,1
DA:1596,1
DA:1597,1
DA:1598,1
DA:1599,1
DA:1600,1
DA:1601,1
DA:1602,1
DA:1603,1
DA:1604,1
DA:1605,1
DA:1606,1
DA:1607,1
DA:1608,1
DA:1609,1
DA:1610,1
DA:1611,1
DA:1612,1
DA:1613,1
DA:1614,1
DA:1615,1
DA:1616,1
DA:1617,1
DA:1618,1
DA:1619,1
DA:1620,1
DA:1621,1
DA:1622,1
DA:1623,1
DA:1624,1
DA:1625,1
DA:1626,1
DA:1627,1
DA:1628,1
DA:1629,1
DA:1630,1
DA:1631,1
DA:1632,1
DA:1633,1
DA:1634,1
DA:1635,1
DA:1636,1
DA:1637,1
DA:1638,1
DA:1639,1
DA:1640,1
DA:1641,1
DA:1642,1
DA:1643,1
DA:1644,1
DA:1645,1
DA:1646,1
DA:1647,1
DA:1648,1
DA:1649,1
DA:1650,1
DA:1651,1
DA:1652,1
DA:1653,1
DA:1654,1
DA:1655,1
DA:1656,1
DA:1657,1
DA:1658,1
DA:1659,1
DA:1660,1
DA:1661,1
DA:1662,1
DA:1663,1
DA:1664,1
DA:1665,1
DA:1666,1
DA:1667,1
DA:1668,1
DA:1669,1
DA:1670,1
DA:1671,1
DA:1672,1
DA:1673,1
DA:1674,1
DA:1675,1
DA:1676,1
DA:1677,1
DA:1678,1
DA:1679,1
DA:1680,1
DA:1681,1
DA:1682,1
DA:1683,1
DA:1684,1
DA:1685,1
DA:1686,1
DA:1687,1
DA:1688,1
DA:1689,1
DA:1690,1
DA:1691,1
DA:1692,1
DA:1693,1
DA:1694,1
DA:1695,1
DA:1696,1
DA:1697,1
DA:1698,1
DA:1699,1
DA:1700,1
end_of_record
SF:/usr/include/x86_64-linux-gnu/qt5/QtWidgets/qlayoutitem.h
FN:93,_ZN11QLayoutItemC2E6QFlagsIN2Qt13AlignmentFlagEE
FNDA:25,_ZN11QLayoutItemC2E6QFlagsIN2Qt13AlignmentFlagEE
FN:99,_ZN11QSpacerItemC2EiiN11QSizePolicy6PolicyES1_
FNDA:25,_ZN11QSpacerItemC2EiiN11QSizePolicy6PolicyES1_
DA:93,25
DA:94,25
DA:99,25
DA:102,25
end_of_record
SF:/usr/include/c++/11/bits/stl_iterator_base_funcs.h
FN:98,_ZSt10__distanceIPKcENSt15iterator_traitsIT_E15difference_typeES3_S3_St26random_access_iterator_tag
FNDA:0,_ZSt10__distanceIPKcENSt15iterator_traitsIT_E15difference_typeES3_S3_St26random_access_iterator_tag
FN:138,_ZSt8distanceIPKcENSt15iterator_traitsIT_E15difference_typeES3_S3_
FNDA:0,_ZSt8distanceIPKcENSt15iterator_traitsIT_E15difference_typeES3_S3_
DA:98,0
DA:104,0
DA:138,0
DA:141,0
DA:142,0
end_of_record
SF:/usr/include/x86_64-linux-gnu/qt5/QtCore/qrect.h
FN:60,_ZN5QRectC2Ev
FNDA:25,_ZN5QRectC2Ev
FN:184,_ZN5QRectC2Eiiii
FNDA:52,_ZN5QRectC2Eiiii
FN:214,_ZNK5QRect1xEv
FNDA:1,_ZNK5QRect1xEv
FN:217,_ZNK5QRect1yEv
FNDA:1,_ZNK5QRect1yEv
FN:265,_ZNK5QRect5widthEv
FNDA:2,_ZNK5QRect5widthEv
FN:268,_ZNK5QRect6heightEv
FNDA:2,_ZNK5QRect6heightEv
FN:660,_ZN6QRectFC2ERK5QRect
FNDA:1,_ZN6QRectFC2ERK5QRect
DA:60,25
DA:184,52
DA:185,52
DA:214,1
DA:215,1
DA:217,1
DA:218,1
DA:265,2
DA:266,2
DA:268,2
DA:269,2
DA:660,1
DA:661,1
DA:663,1
end_of_record
SF:/home/stefan/Desktop/Catan/06-catan/src/sources/mainwindow.cpp
FN:11,_ZN10MainWindowC2EP7QWidget
FNDA:1,_ZN10MainWindowC2EP7QWidget
FN:79,_ZN10MainWindowD2Ev
FNDA:1,_ZN10MainWindowD2Ev
FN:79,_ZN10MainWindowD0Ev
FNDA:0,_ZN10MainWindowD0Ev
FN:81,_ZN10MainWindow16displayResourcesEv
FNDA:29,_ZN10MainWindow16displayResourcesEv
FN:158,_ZN10MainWindow20displayBankResourcesEv
FNDA:29,_ZN10MainWindow20displayBankResourcesEv
FN:168,_ZN10MainWindow19displayPlayerPointsEv
FNDA:1,_ZN10MainWindow19displayPlayerPointsEv
FN:179,_ZN10MainWindow18displayPlayerRoadsEv
FNDA:1,_ZN10MainWindow18displayPlayerRoadsEv
FN:190,_ZN10MainWindow22on_pbStartGame_clickedEv
FNDA:1,_ZN10MainWindow22on_pbStartGame_clickedEv
FN:194,_ZN10MainWindow21on_pbSettings_clickedEv
FNDA:0,_ZN10MainWindow21on_pbSettings_clickedEv
FN:198,_ZN10MainWindow23on_pbBackToMenu_clickedEv
FNDA:0,_ZN10MainWindow23on_pbBackToMenu_clickedEv
FN:201,_ZN10MainWindow25on_pbBackToMenu_2_clickedEv
FNDA:0,_ZN10MainWindow25on_pbBackToMenu_2_clickedEv
FN:205,_ZN10MainWindow17on_pbHelp_clickedEv
FNDA:0,_ZN10MainWindow17on_pbHelp_clickedEv
FN:207,_ZN10MainWindow17on_pbExit_clickedEv
FNDA:0,_ZN10MainWindow17on_pbExit_clickedEv
FN:209,_ZN10MainWindow25on_pbBackToMenu_3_clickedEv
FNDA:0,_ZN10MainWindow25on_pbBackToMenu_3_clickedEv
FN:221,_ZN10MainWindow21on_pbContinue_clickedEv
FNDA:1,_ZN10MainWindow21on_pbContinue_clickedEv
FN:285,_ZN10MainWindow21on_pbRollDice_clickedEv
FNDA:28,_ZN10MainWindow21on_pbRollDice_clickedEv
FN:372,_ZN10MainWindow15on_rbON_toggledEb
FNDA:1,_ZN10MainWindow15on_rbON_toggledEb
FN:376,_ZN10MainWindow16on_rbOFF_toggledEb
FNDA:0,_ZN10MainWindow16on_rbOFF_toggledEb
FN:380,_ZN10MainWindow19on_pb_House_clickedEv
FNDA:3,_ZN10MainWindow19on_pb_House_clickedEv
FN:410,_ZN10MainWindow20manageResourcesHouseEv
FNDA:0,_ZN10MainWindow20manageResourcesHouseEv
FN:430,_ZN10MainWindow10houseBuiltEv
FNDA:0,_ZN10MainWindow10houseBuiltEv
FN:436,_ZN10MainWindow12invalidHouseEv
FNDA:2,_ZN10MainWindow12invalidHouseEv
FN:442,_ZN10MainWindow18on_pb_Road_clickedEv
FNDA:1,_ZN10MainWindow18on_pb_Road_clickedEv
FN:472,_ZN10MainWindow19manageResourcesRoadEv
FNDA:0,_ZN10MainWindow19manageResourcesRoadEv
FN:493,_ZN10MainWindow9roadBuiltEv
FNDA:0,_ZN10MainWindow9roadBuiltEv
FN:499,_ZN10MainWindow11invalidRoadEv
FNDA:1,_ZN10MainWindow11invalidRoadEv
FN:505,_ZN10MainWindow24on_pb_Settlement_clickedEv
FNDA:0,_ZN10MainWindow24on_pb_Settlement_clickedEv
FN:536,_ZN10MainWindow23on_pb_MagicCard_clickedEv
FNDA:0,_ZN10MainWindow23on_pb_MagicCard_clickedEv
FN:576,_ZN10MainWindow19manageResourcesCityEv
FNDA:0,_ZN10MainWindow19manageResourcesCityEv
FN:596,_ZN10MainWindow9cityBuiltEv
FNDA:0,_ZN10MainWindow9cityBuiltEv
FN:602,_ZN10MainWindow11invalidCityEv
FNDA:0,_ZN10MainWindow11invalidCityEv
FN:609,_ZN10MainWindow21on_pushButton_clickedEv
FNDA:28,_ZN10MainWindow21on_pushButton_clickedEv
FN:629,_ZN10MainWindow18on_pbTrade_clickedEv
FNDA:1,_ZN10MainWindow18on_pbTrade_clickedEv
FN:690,_ZN10MainWindow16tradeSuccessfullEv
FNDA:0,_ZN10MainWindow16tradeSuccessfullEv
FN:696,_ZN10MainWindow14magicCardDrawnEv
FNDA:0,_ZN10MainWindow14magicCardDrawnEv
DA:11,1
DA:12,1
DA:13,1
DA:16,2
DA:17,1
DA:18,1
DA:24,1
DA:25,1
DA:26,1
DA:28,1
DA:30,1
DA:32,1
DA:34,1
DA:36,1
DA:38,1
DA:46,3
DA:47,2
DA:48,1
DA:50,3
DA:51,2
DA:52,1
DA:54,3
DA:55,2
DA:58,1
DA:60,1
DA:62,1
DA:64,1
DA:66,1
DA:77,1
DA:79,0
DA:79,1
DA:81,29
DA:113,29
DA:114,58
DA:115,29
DA:116,58
DA:117,29
DA:118,58
DA:119,29
DA:120,58
DA:121,29
DA:122,58
DA:124,29
DA:125,58
DA:126,29
DA:127,58
DA:128,29
DA:129,58
DA:130,29
DA:131,58
DA:132,29
DA:133,58
DA:135,29
DA:136,58
DA:137,29
DA:138,58
DA:139,29
DA:140,58
DA:141,29
DA:142,58
DA:143,29
DA:144,58
DA:146,29
DA:147,58
DA:148,29
DA:149,58
DA:150,29
DA:151,58
DA:152,29
DA:153,58
DA:154,29
DA:155,58
DA:156,29
DA:158,29
DA:159,29
DA:161,29
DA:162,29
DA:163,29
DA:164,29
DA:165,29
DA:166,29
DA:168,1
DA:169,1
DA:170,2
DA:171,1
DA:172,2
DA:173,1
DA:174,2
DA:175,1
DA:176,2
DA:177,1
DA:179,1
DA:180,1
DA:181,2
DA:182,1
DA:183,2
DA:184,1
DA:185,2
DA:186,1
DA:187,2
DA:188,1
DA:190,1
DA:191,1
DA:192,1
DA:194,0
DA:195,0
DA:196,0
DA:198,0
DA:199,0
DA:200,0
DA:201,0
DA:202,0
DA:203,0
DA:205,0
DA:207,0
DA:209,0
DA:210,0
DA:211,0
DA:212,0
DA:213,0
DA:214,0
DA:215,0
DA:216,0
DA:217,0
DA:218,0
DA:219,0
DA:221,1
DA:222,1
DA:223,1
DA:224,1
DA:225,1
DA:226,3
DA:227,2
DA:228,0
DA:230,1
DA:231,1
DA:233,3
DA:234,2
DA:235,0
DA:237,1
DA:238,1
DA:240,3
DA:241,2
DA:242,0
DA:244,1
DA:245,1
DA:247,3
DA:248,2
DA:249,0
DA:251,1
DA:252,1
DA:255,1
DA:256,1
DA:257,1
DA:258,1
DA:259,1
DA:260,1
DA:261,1
DA:262,1
DA:263,1
DA:264,1
DA:265,1
DA:266,1
DA:268,1
DA:269,1
DA:270,2
DA:279,1
DA:280,1
DA:281,1
DA:283,1
DA:285,28
DA:287,28
DA:288,0
DA:289,0
DA:290,0
DA:291,0
DA:292,28
DA:293,28
DA:294,28
DA:296,28
DA:297,28
DA:299,28
DA:300,28
DA:302,28
DA:303,28
DA:304,28
DA:305,1
DA:306,1
DA:309,1
DA:310,6
DA:311,6
DA:314,6
DA:315,3
DA:316,3
DA:319,3
DA:320,6
DA:321,6
DA:324,6
DA:325,7
DA:326,7
DA:329,7
DA:330,5
DA:331,5
DA:334,5
DA:337,28
DA:338,1
DA:339,1
DA:342,1
DA:343,5
DA:344,5
DA:347,5
DA:348,4
DA:349,4
DA:352,4
DA:353,9
DA:354,9
DA:357,9
DA:358,5
DA:359,5
DA:362,5
DA:363,4
DA:364,4
DA:367,4
DA:370,28
DA:372,1
DA:374,1
DA:376,0
DA:378,0
DA:380,3
DA:381,3
DA:382,2
DA:383,2
DA:384,2
DA:385,2
DA:387,2
DA:394,0
DA:395,0
DA:396,0
DA:398,0
DA:399,0
DA:400,0
DA:401,0
DA:404,1
DA:405,1
DA:406,1
DA:407,1
DA:408,3
DA:410,0
DA:411,0
DA:412,0
DA:413,0
DA:414,0
DA:415,0
DA:416,0
DA:417,0
DA:418,0
DA:419,0
DA:421,0
DA:422,0
DA:423,0
DA:425,0
DA:426,0
DA:428,0
DA:430,0
DA:434,0
DA:436,2
DA:437,2
DA:438,2
DA:439,2
DA:440,2
DA:442,1
DA:443,1
DA:444,1
DA:445,1
DA:446,1
DA:447,1
DA:456,0
DA:457,0
DA:458,0
DA:460,0
DA:461,0
DA:462,0
DA:463,0
DA:466,0
DA:467,0
DA:468,0
DA:469,0
DA:470,1
DA:472,0
DA:473,0
DA:474,0
DA:475,0
DA:476,0
DA:477,0
DA:478,0
DA:479,0
DA:480,0
DA:481,0
DA:482,0
DA:484,0
DA:485,0
DA:486,0
DA:488,0
DA:489,0
DA:491,0
DA:493,0
DA:497,0
DA:499,1
DA:500,1
DA:501,1
DA:502,1
DA:503,1
DA:505,0
DA:506,0
DA:507,0
DA:508,0
DA:509,0
DA:510,0
DA:512,0
DA:520,0
DA:521,0
DA:522,0
DA:524,0
DA:525,0
DA:526,0
DA:527,0
DA:530,0
DA:531,0
DA:532,0
DA:533,0
DA:534,0
DA:536,0
DA:537,0
DA:538,0
DA:539,0
DA:540,0
DA:541,0
DA:542,0
DA:543,0
DA:544,0
DA:545,0
DA:546,0
DA:547,0
DA:548,0
DA:549,0
DA:550,0
DA:552,0
DA:553,0
DA:554,0
DA:556,0
DA:557,0
DA:561,0
DA:562,0
DA:563,0
DA:565,0
DA:566,0
DA:567,0
DA:568,0
DA:570,0
DA:571,0
DA:572,0
DA:573,0
DA:574,0
DA:576,0
DA:577,0
DA:578,0
DA:579,0
DA:580,0
DA:581,0
DA:582,0
DA:583,0
DA:584,0
DA:585,0
DA:587,0
DA:588,0
DA:589,0
DA:591,0
DA:592,0
DA:594,0
DA:596,0
DA:600,0
DA:602,0
DA:603,0
DA:604,0
DA:605,0
DA:606,0
DA:609,28
DA:611,28
DA:612,28
DA:613,3
DA:615,25
DA:617,28
DA:618,56
DA:619,28
DA:620,28
DA:621,28
DA:622,28
DA:623,28
DA:625,28
DA:626,28
DA:627,28
DA:629,1
DA:630,1
DA:631,1
DA:632,1
DA:633,1
DA:634,0
DA:635,0
DA:636,0
DA:637,0
DA:639,0
DA:640,0
DA:642,0
DA:643,0
DA:645,0
DA:646,0
DA:648,0
DA:649,0
DA:651,0
DA:652,0
DA:655,0
DA:656,0
DA:658,0
DA:659,0
DA:661,0
DA:662,0
DA:664,0
DA:665,0
DA:667,0
DA:668,0
DA:671,0
DA:672,0
DA:673,0
DA:674,0
DA:675,0
DA:677,0
DA:678,0
DA:680,0
DA:681,0
DA:684,1
DA:685,1
DA:686,1
DA:687,1
DA:688,1
DA:690,0
DA:691,0
DA:692,0
DA:693,0
DA:694,0
DA:696,0
DA:697,0
DA:698,0
DA:699,0
DA:700,0
end_of_record
SF:/usr/include/x86_64-linux-gnu/qt5/QtCore/qobject.h
FN:242,_ZN7QObject7connectIM5BoardFvvEM10MainWindowFvvEEEN11QMetaObject10ConnectionEPKN9QtPrivate15FunctionPointerIT_E6ObjectESB_PKNSA_IT0_E6ObjectESG_N2Qt14ConnectionTypeE
FNDA:6,_ZN7QObject7connectIM5BoardFvvEM10MainWindowFvvEEEN11QMetaObject10ConnectionEPKN9QtPrivate15FunctionPointerIT_E6ObjectESB_PKNSA_IT0_E6ObjectESG_N2Qt14ConnectionTypeE
DA:242,6
DA:260,6
DA:261,6
DA:262,0
DA:266,6
DA:268,6
end_of_record
SF:/usr/include/x86_64-linux-gnu/qt5/QtCore/qbasicatomic.h
FN:107,_ZNK19QBasicAtomicIntegerIiE11loadRelaxedEv
FNDA:0,_ZNK19QBasicAtomicIntegerIiE11loadRelaxedEv
FN:118,_ZN19QBasicAtomicIntegerIiE3refEv
FNDA:0,_ZN19QBasicAtomicIntegerIiE3refEv
FN:119,_ZN19QBasicAtomicIntegerIiE5derefEv
FNDA:0,_ZN19QBasicAtomicIntegerIiE5derefEv
FN:225,_ZN19QBasicAtomicIntegerIiEC2Ei
FNDA:0,_ZN19QBasicAtomicIntegerIiEC2Ei
DA:107,0
DA:118,0
DA:119,0
DA:225,0
end_of_record
SF:/usr/include/x86_64-linux-gnu/qt5/QtCore/qobjectdefs_impl.h
FN:88,_ZN9QtPrivate16ApplyReturnValueIvEC2EPv
FNDA:0,_ZN9QtPrivate16ApplyReturnValueIvEC2EPv
FN:151,_ZN9QtPrivate11FunctorCallINS_11IndexesListIJEEENS_4ListIJEEEvM10MainWindowFvvEE4callES7_PS5_PPv
FNDA:3,_ZN9QtPrivate11FunctorCallINS_11IndexesListIJEEENS_4ListIJEEEvM10MainWindowFvvEE4callES7_PS5_PPv
FN:184,_ZN9QtPrivate15FunctionPointerIM10MainWindowFvvEE4callINS_4ListIJEEEvEEvS3_PS1_PPv
FNDA:3,_ZN9QtPrivate15FunctionPointerIM10MainWindowFvvEE4callINS_4ListIJEEEvEEvS3_PS1_PPv
FN:391,_ZN9QtPrivate15QSlotObjectBaseC2EPFviPS0_P7QObjectPPvPbE
FNDA:0,_ZN9QtPrivate15QSlotObjectBaseC2EPFviPS0_P7QObjectPPvPbE
FN:400,_ZN9QtPrivate15QSlotObjectBaseD2Ev
FNDA:0,_ZN9QtPrivate15QSlotObjectBaseD2Ev
FN:411,_ZN9QtPrivate11QSlotObjectIM10MainWindowFvvENS_4ListIJEEEvE4implEiPNS_15QSlotObjectBaseEP7QObjectPPvPb
FNDA:9,_ZN9QtPrivate11QSlotObjectIM10MainWindowFvvENS_4ListIJEEEvE4implEiPNS_15QSlotObjectBaseEP7QObjectPPvPb
FN:427,_ZN9QtPrivate11QSlotObjectIM10MainWindowFvvENS_4ListIJEEEvEC2ES3_
FNDA:6,_ZN9QtPrivate11QSlotObjectIM10MainWindowFvvENS_4ListIJEEEvEC2ES3_
DA:88,0
DA:151,3
DA:152,3
DA:153,3
DA:184,3
DA:185,3
DA:186,3
DA:391,0
DA:400,0
DA:411,9
DA:413,9
DA:414,6
DA:415,6
DA:416,6
DA:417,3
DA:418,3
DA:419,3
DA:420,0
DA:421,0
DA:422,0
DA:423,9
DA:425,9
DA:427,6
end_of_record
SF:/usr/include/x86_64-linux-gnu/qt5/QtWidgets/qcombobox.h
FN:297,_ZN9QComboBox7addItemERK5QIconRK7QStringRK8QVariant
FNDA:10,_ZN9QComboBox7addItemERK5QIconRK7QStringRK8QVariant
DA:297,10
DA:299,10
end_of_record
SF:/usr/include/x86_64-linux-gnu/qt5/QtCore/qflags.h
FN:120,_ZN6QFlagsIN2Qt13AlignmentFlagEEC2Ev
FNDA:168,_ZN6QFlagsIN2Qt13AlignmentFlagEEC2Ev
FN:120,_ZN6QFlagsIN2Qt10WindowTypeEEC2Ev
FNDA:144,_ZN6QFlagsIN2Qt10WindowTypeEEC2Ev
FN:121,_ZN6QFlagsIN2Qt13AlignmentFlagEEC2ES1_
FNDA:0,_ZN6QFlagsIN2Qt13AlignmentFlagEEC2ES1_
DA:120,168
DA:120,144
DA:121,0
end_of_record
SF:/usr/include/c++/11/bits/basic_string.tcc
FN:206,_ZNSt7__cxx1112basic_stringIcSt11char_traitsIcESaIcEE12_M_constructIPKcEEvT_S8_St20forward_iterator_tag
FNDA:0,_ZNSt7__cxx1112basic_stringIcSt11char_traitsIcESaIcEE12_M_constructIPKcEEvT_S8_St20forward_iterator_tag
DA:206,0
DA:211,0
DA:212,0
DA:215,0
DA:217,0
DA:219,0
DA:220,0
DA:225,0
DA:226,0
DA:228,0
DA:229,0
DA:232,0
DA:233,0
end_of_record
SF:/usr/include/x86_64-linux-gnu/qt5/QtWidgets/qwidget.h
FN:802,_ZN7QWidget14setMinimumSizeERK5QSize
FNDA:15,_ZN7QWidget14setMinimumSizeERK5QSize
FN:805,_ZN7QWidget14setMaximumSizeERK5QSize
FNDA:15,_ZN7QWidget14setMaximumSizeERK5QSize
FN:853,_ZN7QWidget6resizeEii
FNDA:1,_ZN7QWidget6resizeEii
FN:859,_ZNK7QWidget4rectEv
FNDA:1,_ZNK7QWidget4rectEv
DA:802,15
DA:803,15
DA:805,15
DA:806,15
DA:853,1
DA:854,1
DA:859,1
DA:860,1
end_of_record
SF:/usr/include/c++/11/bits/stl_iterator_base_types.h
FN:238,_ZSt19__iterator_categoryIPKcENSt15iterator_traitsIT_E17iterator_categoryERKS3_
FNDA:0,_ZSt19__iterator_categoryIPKcENSt15iterator_traitsIT_E17iterator_categoryERKS3_
DA:238,0
DA:239,0
end_of_record
SF:/usr/include/x86_64-linux-gnu/qt5/QtWidgets/qsizepolicy.h
FN:116,_ZN11QSizePolicyC2ENS_6PolicyES0_NS_11ControlTypeE
FNDA:25,_ZN11QSizePolicyC2ENS_6PolicyES0_NS_11ControlTypeE
FN:180,_ZN11QSizePolicy23toControlTypeFieldValueENS_11ControlTypeE
FNDA:0,_ZN11QSizePolicy23toControlTypeFieldValueENS_11ControlTypeE
DA:116,25
DA:117,50
DA:118,25
DA:119,25
DA:180,0
DA:196,0
end_of_record
SF:/usr/include/x86_64-linux-gnu/qt5/QtCore/qvariant.h
FN:208,_ZN8QVariantC2Ev
FNDA:10,_ZN8QVariantC2Ev
FN:396,_ZN8QVariant7PrivateC2Ev
FNDA:10,_ZN8QVariant7PrivateC2Ev
DA:208,10
DA:396,10
DA:397,10
end_of_record
SF:/usr/include/c++/11/ext/type_traits.h
FN:152,_ZN9__gnu_cxx17__is_null_pointerIKcEEbPT_
FNDA:0,_ZN9__gnu_cxx17__is_null_pointerIKcEEbPT_
DA:152,0
DA:153,0
end_of_record
SF:/home/stefan/Desktop/Catan/06-catan/src/headers/mainwindow.h
end_of_record
SF:/usr/include/c++/11/atomic
FN:833,_ZNSt6atomicIiEC2Ei
FNDA:0,_ZNSt6atomicIiEC2Ei
DA:833,0
end_of_record
SF:/usr/include/x86_64-linux-gnu/qt5/QtGui/qfont.h
FN:356,_ZN5QFont7setBoldEb
FNDA:10,_ZN5QFont7setBoldEb
FN:364,_ZN5QFont9setItalicEb
FNDA:1,_ZN5QFont9setItalicEb
DA:356,10
DA:357,10
DA:364,1
DA:365,1
DA:366,1
end_of_record
SF:/usr/include/x86_64-linux-gnu/qt5/QtCore/qbytearray.h
FN:460,_ZNK10QByteArray6lengthEv
FNDA:4,_ZNK10QByteArray6lengthEv
FN:495,_ZN10QByteArrayD2Ev
FNDA:0,_ZN10QByteArrayD2Ev
FN:518,_ZNK10QByteArray9constDataEv
FNDA:4,_ZNK10QByteArray9constDataEv
FN:752,_ZNK10QByteArray11toStdStringB5cxx11Ev
FNDA:4,_ZNK10QByteArray11toStdStringB5cxx11Ev
DA:460,4
DA:495,0
DA:518,4
DA:519,4
DA:752,4
DA:753,4
end_of_record
SF:/usr/include/c++/11/iostream
end_of_record
SF:/usr/include/x86_64-linux-gnu/qt5/QtCore/qsize.h
FN:125,_ZN5QSizeC2Eii
FNDA:31,_ZN5QSizeC2Eii
FN:136,_ZNK5QSize5widthEv
FNDA:30,_ZNK5QSize5widthEv
FN:139,_ZNK5QSize6heightEv
FNDA:30,_ZNK5QSize6heightEv
DA:125,31
DA:136,30
DA:137,30
DA:139,30
DA:140,30
end_of_record
SF:/usr/include/x86_64-linux-gnu/qt5/QtCore/qrefcount.h
FN:54,_ZN9QtPrivate8RefCount3refEv
FNDA:0,_ZN9QtPrivate8RefCount3refEv
FN:65,_ZN9QtPrivate8RefCount5derefEv
FNDA:0,_ZN9QtPrivate8RefCount5derefEv
DA:54,0
DA:55,0
DA:57,0
DA:58,0
DA:60,0
DA:61,0
DA:62,0
DA:65,0
DA:66,0
DA:68,0
DA:69,0
DA:71,0
DA:72,0
DA:73,0
end_of_record
SF:/usr/include/x86_64-linux-gnu/qt5/QtCore/qatomic_cxx11.h
FN:237,_ZN10QAtomicOpsIiE11loadRelaxedIiEET_RKSt6atomicIS2_E
FNDA:0,_ZN10QAtomicOpsIiE11loadRelaxedIiEET_RKSt6atomicIS2_E
FN:281,_ZN10QAtomicOpsIiE3refIiEEbRSt6atomicIT_E
FNDA:0,_ZN10QAtomicOpsIiE3refIiEEbRSt6atomicIT_E
FN:287,_ZN10QAtomicOpsIiE5derefIiEEbRSt6atomicIT_E
FNDA:0,_ZN10QAtomicOpsIiE5derefIiEEbRSt6atomicIT_E
DA:237,0
DA:239,0
DA:281,0
DA:283,0
DA:287,0
DA:289,0
end_of_record
SF:/usr/include/x86_64-linux-gnu/qt5/QtCore/qcoreapplication.h
FN:116,_ZN16QCoreApplication8instanceEv
FNDA:0,_ZN16QCoreApplication8instanceEv
DA:116,0
end_of_record
SF:/usr/include/x86_64-linux-gnu/qt5/QtCore/qatomic.h
FN:64,_ZN14QAtomicIntegerIiEC2Ei
FNDA:0,_ZN14QAtomicIntegerIiEC2Ei
FN:168,_ZN10QAtomicIntC2Ei
FNDA:0,_ZN10QAtomicIntC2Ei
DA:64,0
DA:168,0
end_of_record
SF:/usr/include/c++/11/ext/new_allocator.h
FN:79,_ZN9__gnu_cxx13new_allocatorIcEC2Ev
FNDA:0,_ZN9__gnu_cxx13new_allocatorIcEC2Ev
FN:89,_ZN9__gnu_cxx13new_allocatorIcED2Ev
FNDA:0,_ZN9__gnu_cxx13new_allocatorIcED2Ev
DA:79,0
DA:89,0
end_of_record
TN:
SF:/usr/include/c++/11/new
FN:174,_ZnwmPv
FNDA:0,_ZnwmPv
FN:180,_ZdlPvS_
FNDA:0,_ZdlPvS_
DA:174,0
DA:175,0
DA:180,0
end_of_record
SF:/home/stefan/Desktop/Catan/06-catan/src/sources/bank.cpp
FN:7,_ZN4BankC2Ev
FNDA:1,_ZN4BankC2Ev
FN:23,_ZN4Bank18get_bank_resourcesEv
FNDA:0,_ZN4Bank18get_bank_resourcesEv
FN:27,_ZNK4Bank26get_num_of_brick_from_bankEv
FNDA:29,_ZNK4Bank26get_num_of_brick_from_bankEv
FN:28,_ZNK4Bank25get_num_of_wood_from_bankEv
FNDA:29,_ZNK4Bank25get_num_of_wood_from_bankEv
FN:29,_ZNK4Bank25get_num_of_wool_from_bankEv
FNDA:29,_ZNK4Bank25get_num_of_wool_from_bankEv
FN:30,_ZNK4Bank26get_num_of_wheat_from_bankEv
FNDA:29,_ZNK4Bank26get_num_of_wheat_from_bankEv
FN:31,_ZNK4Bank26get_num_of_stone_from_bankEv
FNDA:29,_ZNK4Bank26get_num_of_stone_from_bankEv
FN:34,_ZN4Bank17add_resource_cardE12ResourceTypei
FNDA:0,_ZN4Bank17add_resource_cardE12ResourceTypei
FN:50,_ZN4Bank20remove_resource_cardE12ResourceTypei
FNDA:0,_ZN4Bank20remove_resource_cardE12ResourceTypei
FN:66,_ZN4Bank18print_bank_contentEv
FNDA:0,_ZN4Bank18print_bank_contentEv
DA:7,1
DA:8,1
DA:9,1
DA:10,1
DA:12,1
DA:14,1
DA:16,1
DA:18,1
DA:20,1
DA:23,0
DA:24,0
DA:27,29
DA:28,29
DA:29,29
DA:30,29
DA:31,29
DA:34,0
DA:35,0
DA:36,0
DA:37,0
DA:38,0
DA:39,0
DA:40,0
DA:41,0
DA:42,0
DA:43,0
DA:44,0
DA:45,0
DA:47,0
DA:50,0
DA:51,0
DA:52,0
DA:53,0
DA:54,0
DA:55,0
DA:56,0
DA:57,0
DA:58,0
DA:59,0
DA:60,0
DA:61,0
DA:63,0
DA:66,0
DA:67,0
DA:68,0
DA:69,0
DA:70,0
DA:71,0
DA:72,0
end_of_record
SF:/usr/include/c++/11/bits/hashtable_policy.h
FN:93,_ZNKSt8__detail10_Select1stclIRKSt4pairIK12ResourceTypejEEEDTcl3getILi0EEcl7forwardIT_Efp_EEEOS8_
FNDA:4,_ZNKSt8__detail10_Select1stclIRKSt4pairIK12ResourceTypejEEEDTcl3getILi0EEcl7forwardIT_Efp_EEEOS8_
FN:219,_ZNSt8__detail15_Hash_node_baseC2Ev
FNDA:30,_ZNSt8__detail15_Hash_node_baseC2Ev
FN:237,_ZNSt8__detail21_Hash_node_value_baseISt4pairIK12ResourceTypejEE9_M_valptrEv
FNDA:10,_ZNSt8__detail21_Hash_node_value_baseISt4pairIK12ResourceTypejEE9_M_valptrEv
FN:241,_ZNKSt8__detail21_Hash_node_value_baseISt4pairIK12ResourceTypejEE9_M_valptrEv
FNDA:4,_ZNKSt8__detail21_Hash_node_value_baseISt4pairIK12ResourceTypejEE9_M_valptrEv
FN:245,_ZNSt8__detail21_Hash_node_value_baseISt4pairIK12ResourceTypejEE4_M_vEv
FNDA:0,_ZNSt8__detail21_Hash_node_value_baseISt4pairIK12ResourceTypejEE4_M_vEv
FN:249,_ZNKSt8__detail21_Hash_node_value_baseISt4pairIK12ResourceTypejEE4_M_vEv
FNDA:4,_ZNKSt8__detail21_Hash_node_value_baseISt4pairIK12ResourceTypejEE4_M_vEv
FN:282,_ZNKSt8__detail10_Hash_nodeISt4pairIK12ResourceTypejELb0EE7_M_nextEv
FNDA:4,_ZNKSt8__detail10_Hash_nodeISt4pairIK12ResourceTypejELb0EE7_M_nextEv
FN:295,_ZNSt8__detail19_Node_iterator_baseISt4pairIK12ResourceTypejELb0EEC2EPNS_10_Hash_nodeIS4_Lb0EEE
FNDA:5,_ZNSt8__detail19_Node_iterator_baseISt4pairIK12ResourceTypejELb0EEC2EPNS_10_Hash_nodeIS4_Lb0EEE
FN:338,_ZNSt8__detail14_Node_iteratorISt4pairIK12ResourceTypejELb0ELb0EEC2EPNS_10_Hash_nodeIS4_Lb0EEE
FNDA:5,_ZNSt8__detail14_Node_iteratorISt4pairIK12ResourceTypejELb0ELb0EEC2EPNS_10_Hash_nodeIS4_Lb0EEE
FN:346,_ZNKSt8__detail14_Node_iteratorISt4pairIK12ResourceTypejELb0ELb0EEptEv
FNDA:5,_ZNKSt8__detail14_Node_iteratorISt4pairIK12ResourceTypejELb0ELb0EEptEv
FN:428,_ZNKSt8__detail18_Mod_range_hashingclEmm
FNDA:50,_ZNKSt8__detail18_Mod_range_hashingclEmm
FN:446,_ZNSt8__detail20_Prime_rehash_policyC2Ef
FNDA:5,_ZNSt8__detail20_Prime_rehash_policyC2Ef
FN:473,_ZNKSt8__detail20_Prime_rehash_policy8_M_stateEv
FNDA:25,_ZNKSt8__detail20_Prime_rehash_policy8_M_stateEv
FN:481,_ZNSt8__detail20_Prime_rehash_policy8_M_resetEm
FNDA:0,_ZNSt8__detail20_Prime_rehash_policy8_M_resetEm
FN:696,_ZNSt8__detail9_Map_baseI12ResourceTypeSt4pairIKS1_jESaIS4_ENS_10_Select1stESt8equal_toIS1_ESt4hashIS1_ENS_18_Mod_range_hashingENS_20_Default_ranged_hashENS_20_Prime_rehash_policyENS_17_Hashtable_traitsILb0ELb0ELb1EEELb1EEixERS3_
FNDA:0,_ZNSt8__detail9_Map_baseI12ResourceTypeSt4pairIKS1_jESaIS4_ENS_10_Select1stESt8equal_toIS1_ESt4hashIS1_ENS_18_Mod_range_hashingENS_20_Default_ranged_hashENS_20_Prime_rehash_policyENS_17_Hashtable_traitsILb0ELb0ELb1EEELb1EEixERS3_
FN:723,_ZNSt8__detail9_Map_baseI12ResourceTypeSt4pairIKS1_jESaIS4_ENS_10_Select1stESt8equal_toIS1_ESt4hashIS1_ENS_18_Mod_range_hashingENS_20_Default_ranged_hashENS_20_Prime_rehash_policyENS_17_Hashtable_traitsILb0ELb0ELb1EEELb1EEixEOS1_
FNDA:5,_ZNSt8__detail9_Map_baseI12ResourceTypeSt4pairIKS1_jESaIS4_ENS_10_Select1stESt8equal_toIS1_ESt4hashIS1_ENS_18_Mod_range_hashingENS_20_Default_ranged_hashENS_20_Prime_rehash_policyENS_17_Hashtable_traitsILb0ELb0ELb1EEELb1EEixEOS1_
FN:1127,_ZNSt8__detail21_Hashtable_ebo_helperILi1ESt4hashI12ResourceTypeELb1EEC2Ev
FNDA:5,_ZNSt8__detail21_Hashtable_ebo_helperILi1ESt4hashI12ResourceTypeELb1EEC2Ev
FN:1127,_ZNSt8__detail21_Hashtable_ebo_helperILi0ESt8equal_toI12ResourceTypeELb1EEC2Ev
FNDA:5,_ZNSt8__detail21_Hashtable_ebo_helperILi0ESt8equal_toI12ResourceTypeELb1EEC2Ev
FN:1127,_ZNSt8__detail21_Hashtable_ebo_helperILi0ESaINS_10_Hash_nodeISt4pairIK12ResourceTypejELb0EEEELb1EEC2Ev
FNDA:1,_ZNSt8__detail21_Hashtable_ebo_helperILi0ESaINS_10_Hash_nodeISt4pairIK12ResourceTypejELb0EEEELb1EEC2Ev
FN:1134,_ZNKSt8__detail21_Hashtable_ebo_helperILi0ESt8equal_toI12ResourceTypeELb1EE7_M_cgetEv
FNDA:0,_ZNKSt8__detail21_Hashtable_ebo_helperILi0ESt8equal_toI12ResourceTypeELb1EE7_M_cgetEv
FN:1134,_ZNKSt8__detail21_Hashtable_ebo_helperILi1ESt4hashI12ResourceTypeELb1EE7_M_cgetEv
FNDA:45,_ZNKSt8__detail21_Hashtable_ebo_helperILi1ESt4hashI12ResourceTypeELb1EE7_M_cgetEv
FN:1135,_ZNSt8__detail21_Hashtable_ebo_helperILi0ESaINS_10_Hash_nodeISt4pairIK12ResourceTypejELb0EEEELb1EE6_M_getEv
FNDA:11,_ZNSt8__detail21_Hashtable_ebo_helperILi0ESaINS_10_Hash_nodeISt4pairIK12ResourceTypejELb0EEEELb1EE6_M_getEv
FN:1210,_ZNSt8__detail15_Hash_code_baseI12ResourceTypeSt4pairIKS1_jENS_10_Select1stESt4hashIS1_ENS_18_Mod_range_hashingENS_20_Default_ranged_hashELb0EEC2Ev
FNDA:1,_ZNSt8__detail15_Hash_code_baseI12ResourceTypeSt4pairIKS1_jENS_10_Select1stESt4hashIS1_ENS_18_Mod_range_hashingENS_20_Default_ranged_hashELb0EEC2Ev
FN:1215,_ZNKSt8__detail15_Hash_code_baseI12ResourceTypeSt4pairIKS1_jENS_10_Select1stESt4hashIS1_ENS_18_Mod_range_hashingENS_20_Default_ranged_hashELb0EE12_M_hash_codeERS3_
FNDA:9,_ZNKSt8__detail15_Hash_code_baseI12ResourceTypeSt4pairIKS1_jENS_10_Select1stESt4hashIS1_ENS_18_Mod_range_hashingENS_20_Default_ranged_hashELb0EE12_M_hash_codeERS3_
FN:1232,_ZNKSt8__detail15_Hash_code_baseI12ResourceTypeSt4pairIKS1_jENS_10_Select1stESt4hashIS1_ENS_18_Mod_range_hashingENS_20_Default_ranged_hashELb0EE15_M_bucket_indexEmm
FNDA:6,_ZNKSt8__detail15_Hash_code_baseI12ResourceTypeSt4pairIKS1_jENS_10_Select1stESt4hashIS1_ENS_18_Mod_range_hashingENS_20_Default_ranged_hashELb0EE15_M_bucket_indexEmm
FN:1236,_ZNKSt8__detail15_Hash_code_baseI12ResourceTypeSt4pairIKS1_jENS_10_Select1stESt4hashIS1_ENS_18_Mod_range_hashingENS_20_Default_ranged_hashELb0EE15_M_bucket_indexERKNS_16_Hash_node_valueIS4_Lb0EEEm
FNDA:4,_ZNKSt8__detail15_Hash_code_baseI12ResourceTypeSt4pairIKS1_jENS_10_Select1stESt4hashIS1_ENS_18_Mod_range_hashingENS_20_Default_ranged_hashELb0EE15_M_bucket_indexERKNS_16_Hash_node_valueIS4_Lb0EEEm
FN:1254,_ZNKSt8__detail15_Hash_code_baseI12ResourceTypeSt4pairIKS1_jENS_10_Select1stESt4hashIS1_ENS_18_Mod_range_hashingENS_20_Default_ranged_hashELb0EE13_M_store_codeERNS_21_Hash_node_code_cacheILb0EEEm
FNDA:5,_ZNKSt8__detail15_Hash_code_baseI12ResourceTypeSt4pairIKS1_jENS_10_Select1stESt4hashIS1_ENS_18_Mod_range_hashingENS_20_Default_ranged_hashELb0EE13_M_store_codeERNS_21_Hash_node_code_cacheILb0EEEm
FN:1276,_ZNKSt8__detail15_Hash_code_baseI12ResourceTypeSt4pairIKS1_jENS_10_Select1stESt4hashIS1_ENS_18_Mod_range_hashingENS_20_Default_ranged_hashELb0EE7_M_hashEv
FNDA:9,_ZNKSt8__detail15_Hash_code_baseI12ResourceTypeSt4pairIKS1_jENS_10_Select1stESt4hashIS1_ENS_18_Mod_range_hashingENS_20_Default_ranged_hashELb0EE7_M_hashEv
FN:1586,_ZNSt8__detail15_Hashtable_baseI12ResourceTypeSt4pairIKS1_jENS_10_Select1stESt8equal_toIS1_ESt4hashIS1_ENS_18_Mod_range_hashingENS_20_Default_ranged_hashENS_17_Hashtable_traitsILb0ELb0ELb1EEEE9_S_equalsEmRKNS_21_Hash_node_code_cacheILb0EEE
FNDA:0,_ZNSt8__detail15_Hashtable_baseI12ResourceTypeSt4pairIKS1_jENS_10_Select1stESt8equal_toIS1_ESt4hashIS1_ENS_18_Mod_range_hashingENS_20_Default_ranged_hashENS_17_Hashtable_traitsILb0ELb0ELb1EEEE9_S_equalsEmRKNS_21_Hash_node_code_cacheILb0EEE
FN:1604,_ZNSt8__detail15_Hashtable_baseI12ResourceTypeSt4pairIKS1_jENS_10_Select1stESt8equal_toIS1_ESt4hashIS1_ENS_18_Mod_range_hashingENS_20_Default_ranged_hashENS_17_Hashtable_traitsILb0ELb0ELb1EEEEC2Ev
FNDA:1,_ZNSt8__detail15_Hashtable_baseI12ResourceTypeSt4pairIKS1_jENS_10_Select1stESt8equal_toIS1_ESt4hashIS1_ENS_18_Mod_range_hashingENS_20_Default_ranged_hashENS_17_Hashtable_traitsILb0ELb0ELb1EEEEC2Ev
FN:1611,_ZNKSt8__detail15_Hashtable_baseI12ResourceTypeSt4pairIKS1_jENS_10_Select1stESt8equal_toIS1_ESt4hashIS1_ENS_18_Mod_range_hashingENS_20_Default_ranged_hashENS_17_Hashtable_traitsILb0ELb0ELb1EEEE9_M_equalsERS3_mRKNS_16_Hash_node_valueIS4_Lb0EEE
FNDA:0,_ZNKSt8__detail15_Hashtable_baseI12ResourceTypeSt4pairIKS1_jENS_10_Select1stESt8equal_toIS1_ESt4hashIS1_ENS_18_Mod_range_hashingENS_20_Default_ranged_hashENS_17_Hashtable_traitsILb0ELb0ELb1EEEE9_M_equalsERS3_mRKNS_16_Hash_node_valueIS4_Lb0EEE
FN:1650,_ZNKSt8__detail15_Hashtable_baseI12ResourceTypeSt4pairIKS1_jENS_10_Select1stESt8equal_toIS1_ESt4hashIS1_ENS_18_Mod_range_hashingENS_20_Default_ranged_hashENS_17_Hashtable_traitsILb0ELb0ELb1EEEE5_M_eqEv
FNDA:0,_ZNKSt8__detail15_Hashtable_baseI12ResourceTypeSt4pairIKS1_jENS_10_Select1stESt8equal_toIS1_ESt4hashIS1_ENS_18_Mod_range_hashingENS_20_Default_ranged_hashENS_17_Hashtable_traitsILb0ELb0ELb1EEEE5_M_eqEv
FN:1823,_ZNSt8__detail16_Hashtable_allocISaINS_10_Hash_nodeISt4pairIK12ResourceTypejELb0EEEEEC2Ev
FNDA:1,_ZNSt8__detail16_Hashtable_allocISaINS_10_Hash_nodeISt4pairIK12ResourceTypejELb0EEEEEC2Ev
FN:1833,_ZNSt8__detail16_Hashtable_allocISaINS_10_Hash_nodeISt4pairIK12ResourceTypejELb0EEEEE17_M_node_allocatorEv
FNDA:11,_ZNSt8__detail16_Hashtable_allocISaINS_10_Hash_nodeISt4pairIK12ResourceTypejELb0EEEEE17_M_node_allocatorEv
FN:1870,_ZNSt8__detail16_Hashtable_allocISaINS_10_Hash_nodeISt4pairIK12ResourceTypejELb0EEEEE16_M_allocate_nodeIJRKSt21piecewise_construct_tSt5tupleIJOS3_EESD_IJEEEEEPS6_DpOT_
FNDA:5,_ZNSt8__detail16_Hashtable_allocISaINS_10_Hash_nodeISt4pairIK12ResourceTypejELb0EEEEE16_M_allocate_nodeIJRKSt21piecewise_construct_tSt5tupleIJOS3_EESD_IJEEEEEPS6_DpOT_
FN:1870,_ZNSt8__detail16_Hashtable_allocISaINS_10_Hash_nodeISt4pairIK12ResourceTypejELb0EEEEE16_M_allocate_nodeIJRKSt21piecewise_construct_tSt5tupleIJRS4_EESD_IJEEEEEPS6_DpOT_
FNDA:0,_ZNSt8__detail16_Hashtable_allocISaINS_10_Hash_nodeISt4pairIK12ResourceTypejELb0EEEEE16_M_allocate_nodeIJRKSt21piecewise_construct_tSt5tupleIJRS4_EESD_IJEEEEEPS6_DpOT_
FN:1892,_ZNSt8__detail16_Hashtable_allocISaINS_10_Hash_nodeISt4pairIK12ResourceTypejELb0EEEEE18_M_deallocate_nodeEPS6_
FNDA:0,_ZNSt8__detail16_Hashtable_allocISaINS_10_Hash_nodeISt4pairIK12ResourceTypejELb0EEEEE18_M_deallocate_nodeEPS6_
FN:1900,_ZNSt8__detail16_Hashtable_allocISaINS_10_Hash_nodeISt4pairIK12ResourceTypejELb0EEEEE22_M_deallocate_node_ptrEPS6_
FNDA:0,_ZNSt8__detail16_Hashtable_allocISaINS_10_Hash_nodeISt4pairIK12ResourceTypejELb0EEEEE22_M_deallocate_node_ptrEPS6_
FN:1910,_ZNSt8__detail16_Hashtable_allocISaINS_10_Hash_nodeISt4pairIK12ResourceTypejELb0EEEEE19_M_deallocate_nodesEPS6_
FNDA:0,_ZNSt8__detail16_Hashtable_allocISaINS_10_Hash_nodeISt4pairIK12ResourceTypejELb0EEEEE19_M_deallocate_nodesEPS6_
FN:1922,_ZNSt8__detail16_Hashtable_allocISaINS_10_Hash_nodeISt4pairIK12ResourceTypejELb0EEEEE19_M_allocate_bucketsEm
FNDA:1,_ZNSt8__detail16_Hashtable_allocISaINS_10_Hash_nodeISt4pairIK12ResourceTypejELb0EEEEE19_M_allocate_bucketsEm
FN:1935,_ZNSt8__detail16_Hashtable_allocISaINS_10_Hash_nodeISt4pairIK12ResourceTypejELb0EEEEE21_M_deallocate_bucketsEPPNS_15_Hash_node_baseEm
FNDA:0,_ZNSt8__detail16_Hashtable_allocISaINS_10_Hash_nodeISt4pairIK12ResourceTypejELb0EEEEE21_M_deallocate_bucketsEPPNS_15_Hash_node_baseEm
DA:93,4
DA:95,4
DA:219,30
DA:237,10
DA:238,10
DA:241,4
DA:242,4
DA:245,0
DA:246,0
DA:249,4
DA:250,4
DA:282,4
DA:283,4
DA:295,5
DA:296,5
DA:338,5
DA:339,5
DA:346,5
DA:347,5
DA:428,50
DA:430,50
DA:446,5
DA:447,5
DA:473,25
DA:474,25
DA:481,0
DA:482,0
DA:696,0
DA:701,0
DA:702,0
DA:703,0
DA:704,0
DA:705,0
DA:707,0
DA:710,0
DA:711,0
DA:714,0
DA:715,0
DA:716,0
DA:717,0
DA:723,5
DA:728,5
DA:729,5
DA:730,5
DA:731,5
DA:732,0
DA:734,5
DA:737,5
DA:738,0
DA:741,5
DA:742,5
DA:743,5
DA:744,5
DA:1127,1
DA:1127,5
DA:1127,5
DA:1134,0
DA:1134,45
DA:1135,11
DA:1210,1
DA:1215,9
DA:1219,9
DA:1232,6
DA:1233,6
DA:1236,4
DA:1242,8
DA:1243,4
DA:1254,5
DA:1255,5
DA:1276,9
DA:1586,0
DA:1587,0
DA:1604,1
DA:1611,0
DA:1617,0
DA:1650,0
DA:1823,1
DA:1833,11
DA:1834,11
DA:1870,0
DA:1873,0
DA:1874,0
DA:1877,0
DA:1878,0
DA:1881,0
DA:1883,0
DA:1885,0
DA:1886,0
DA:1870,5
DA:1873,5
DA:1874,5
DA:1877,5
DA:1878,5
DA:1881,5
DA:1883,0
DA:1885,0
DA:1886,0
DA:1892,0
DA:1894,0
DA:1895,0
DA:1896,0
DA:1900,0
DA:1903,0
DA:1904,0
DA:1905,0
DA:1906,0
DA:1910,0
DA:1912,0
DA:1914,0
DA:1915,0
DA:1916,0
DA:1918,0
DA:1922,1
DA:1925,1
DA:1927,1
DA:1928,1
DA:1929,1
DA:1930,1
DA:1931,1
DA:1935,0
DA:1940,0
DA:1941,0
DA:1942,0
DA:1943,0
end_of_record
SF:/usr/include/c++/11/bits/stl_function.h
FN:369,_ZNKSt8equal_toI12ResourceTypeEclERKS0_S3_
FNDA:0,_ZNKSt8equal_toI12ResourceTypeEclERKS0_S3_
DA:369,0
DA:370,0
end_of_record
SF:/usr/include/c++/11/ext/new_allocator.h
FN:79,_ZN9__gnu_cxx13new_allocatorIPNSt8__detail15_Hash_node_baseEEC2Ev
FNDA:5,_ZN9__gnu_cxx13new_allocatorIPNSt8__detail15_Hash_node_baseEEC2Ev
FN:79,_ZN9__gnu_cxx13new_allocatorINSt8__detail10_Hash_nodeISt4pairIK12ResourceTypejELb0EEEEC2Ev
FNDA:1,_ZN9__gnu_cxx13new_allocatorINSt8__detail10_Hash_nodeISt4pairIK12ResourceTypejELb0EEEEC2Ev
FN:89,_ZN9__gnu_cxx13new_allocatorIPNSt8__detail15_Hash_node_baseEED2Ev
FNDA:5,_ZN9__gnu_cxx13new_allocatorIPNSt8__detail15_Hash_node_baseEED2Ev
FN:89,_ZN9__gnu_cxx13new_allocatorINSt8__detail10_Hash_nodeISt4pairIK12ResourceTypejELb0EEEED2Ev
FNDA:0,_ZN9__gnu_cxx13new_allocatorINSt8__detail10_Hash_nodeISt4pairIK12ResourceTypejELb0EEEED2Ev
FN:103,_ZN9__gnu_cxx13new_allocatorIPNSt8__detail15_Hash_node_baseEE8allocateEmPKv
FNDA:5,_ZN9__gnu_cxx13new_allocatorIPNSt8__detail15_Hash_node_baseEE8allocateEmPKv
FN:103,_ZN9__gnu_cxx13new_allocatorINSt8__detail10_Hash_nodeISt4pairIK12ResourceTypejELb0EEEE8allocateEmPKv
FNDA:5,_ZN9__gnu_cxx13new_allocatorINSt8__detail10_Hash_nodeISt4pairIK12ResourceTypejELb0EEEE8allocateEmPKv
FN:132,_ZN9__gnu_cxx13new_allocatorINSt8__detail10_Hash_nodeISt4pairIK12ResourceTypejELb0EEEE10deallocateEPS7_m
FNDA:0,_ZN9__gnu_cxx13new_allocatorINSt8__detail10_Hash_nodeISt4pairIK12ResourceTypejELb0EEEE10deallocateEPS7_m
FN:132,_ZN9__gnu_cxx13new_allocatorIPNSt8__detail15_Hash_node_baseEE10deallocateEPS3_m
FNDA:0,_ZN9__gnu_cxx13new_allocatorIPNSt8__detail15_Hash_node_baseEE10deallocateEPS3_m
FN:160,_ZN9__gnu_cxx13new_allocatorINSt8__detail10_Hash_nodeISt4pairIK12ResourceTypejELb0EEEE9constructIS6_JRKSt21piecewise_construct_tSt5tupleIJRS5_EESD_IJEEEEEvPT_DpOT0_
FNDA:0,_ZN9__gnu_cxx13new_allocatorINSt8__detail10_Hash_nodeISt4pairIK12ResourceTypejELb0EEEE9constructIS6_JRKSt21piecewise_construct_tSt5tupleIJRS5_EESD_IJEEEEEvPT_DpOT0_
FN:160,_ZN9__gnu_cxx13new_allocatorINSt8__detail10_Hash_nodeISt4pairIK12ResourceTypejELb0EEEE9constructIS6_JRKSt21piecewise_construct_tSt5tupleIJOS4_EESD_IJEEEEEvPT_DpOT0_
FNDA:5,_ZN9__gnu_cxx13new_allocatorINSt8__detail10_Hash_nodeISt4pairIK12ResourceTypejELb0EEEE9constructIS6_JRKSt21piecewise_construct_tSt5tupleIJOS4_EESD_IJEEEEEvPT_DpOT0_
FN:166,_ZN9__gnu_cxx13new_allocatorINSt8__detail10_Hash_nodeISt4pairIK12ResourceTypejELb0EEEE7destroyIS6_EEvPT_
FNDA:0,_ZN9__gnu_cxx13new_allocatorINSt8__detail10_Hash_nodeISt4pairIK12ResourceTypejELb0EEEE7destroyIS6_EEvPT_
FN:197,_ZNK9__gnu_cxx13new_allocatorIPNSt8__detail15_Hash_node_baseEE11_M_max_sizeEv
FNDA:5,_ZNK9__gnu_cxx13new_allocatorIPNSt8__detail15_Hash_node_baseEE11_M_max_sizeEv
FN:197,_ZNK9__gnu_cxx13new_allocatorINSt8__detail10_Hash_nodeISt4pairIK12ResourceTypejELb0EEEE11_M_max_sizeEv
FNDA:5,_ZNK9__gnu_cxx13new_allocatorINSt8__detail10_Hash_nodeISt4pairIK12ResourceTypejELb0EEEE11_M_max_sizeEv
DA:79,5
DA:79,1
DA:89,5
DA:89,0
DA:103,5
DA:111,5
DA:115,0
DA:116,0
DA:117,0
DA:127,5
DA:103,5
DA:111,5
DA:115,0
DA:116,0
DA:117,0
DA:127,5
DA:132,0
DA:145,0
DA:132,0
DA:145,0
DA:160,0
DA:162,0
DA:160,5
DA:162,5
DA:166,0
DA:168,0
DA:197,5
DA:200,5
DA:197,5
DA:200,5
end_of_record
SF:/usr/include/c++/11/bits/alloc_traits.h
FN:463,_ZNSt16allocator_traitsISaIPNSt8__detail15_Hash_node_baseEEE8allocateERS3_m
FNDA:5,_ZNSt16allocator_traitsISaIPNSt8__detail15_Hash_node_baseEEE8allocateERS3_m
FN:463,_ZNSt16allocator_traitsISaINSt8__detail10_Hash_nodeISt4pairIK12ResourceTypejELb0EEEEE8allocateERS7_m
FNDA:5,_ZNSt16allocator_traitsISaINSt8__detail10_Hash_nodeISt4pairIK12ResourceTypejELb0EEEEE8allocateERS7_m
FN:495,_ZNSt16allocator_traitsISaINSt8__detail10_Hash_nodeISt4pairIK12ResourceTypejELb0EEEEE10deallocateERS7_PS6_m
FNDA:0,_ZNSt16allocator_traitsISaINSt8__detail10_Hash_nodeISt4pairIK12ResourceTypejELb0EEEEE10deallocateERS7_PS6_m
FN:495,_ZNSt16allocator_traitsISaIPNSt8__detail15_Hash_node_baseEEE10deallocateERS3_PS2_m
FNDA:0,_ZNSt16allocator_traitsISaIPNSt8__detail15_Hash_node_baseEEE10deallocateERS3_PS2_m
FN:511,_ZNSt16allocator_traitsISaINSt8__detail10_Hash_nodeISt4pairIK12ResourceTypejELb0EEEEE9constructIS5_JRKSt21piecewise_construct_tSt5tupleIJRS4_EESD_IJEEEEEvRS7_PT_DpOT0_
FNDA:0,_ZNSt16allocator_traitsISaINSt8__detail10_Hash_nodeISt4pairIK12ResourceTypejELb0EEEEE9constructIS5_JRKSt21piecewise_construct_tSt5tupleIJRS4_EESD_IJEEEEEvRS7_PT_DpOT0_
FN:511,_ZNSt16allocator_traitsISaINSt8__detail10_Hash_nodeISt4pairIK12ResourceTypejELb0EEEEE9constructIS5_JRKSt21piecewise_construct_tSt5tupleIJOS3_EESD_IJEEEEEvRS7_PT_DpOT0_
FNDA:5,_ZNSt16allocator_traitsISaINSt8__detail10_Hash_nodeISt4pairIK12ResourceTypejELb0EEEEE9constructIS5_JRKSt21piecewise_construct_tSt5tupleIJOS3_EESD_IJEEEEEvRS7_PT_DpOT0_
FN:531,_ZNSt16allocator_traitsISaINSt8__detail10_Hash_nodeISt4pairIK12ResourceTypejELb0EEEEE7destroyIS5_EEvRS7_PT_
FNDA:0,_ZNSt16allocator_traitsISaINSt8__detail10_Hash_nodeISt4pairIK12ResourceTypejELb0EEEEE7destroyIS5_EEvRS7_PT_
DA:463,5
DA:464,5
DA:463,5
DA:464,5
DA:495,0
DA:496,0
DA:495,0
DA:496,0
DA:511,0
DA:516,0
DA:520,0
DA:511,5
DA:516,5
DA:520,5
DA:531,0
DA:535,0
DA:539,0
end_of_record
SF:/usr/include/c++/11/bits/move.h
FN:49,_ZSt11__addressofINSt8__detail10_Hash_nodeISt4pairIK12ResourceTypejELb0EEEEPT_RS7_
FNDA:0,_ZSt11__addressofINSt8__detail10_Hash_nodeISt4pairIK12ResourceTypejELb0EEEEPT_RS7_
FN:49,_ZSt11__addressofIPNSt8__detail15_Hash_node_baseEEPT_RS3_
FNDA:0,_ZSt11__addressofIPNSt8__detail15_Hash_node_baseEEPT_RS3_
FN:77,_ZSt7forwardIRK12ResourceTypeEOT_RNSt16remove_referenceIS3_E4typeE
FNDA:0,_ZSt7forwardIRK12ResourceTypeEOT_RNSt16remove_referenceIS3_E4typeE
FN:77,_ZSt7forwardIO12ResourceTypeEOT_RNSt16remove_referenceIS2_E4typeE
FNDA:25,_ZSt7forwardIO12ResourceTypeEOT_RNSt16remove_referenceIS2_E4typeE
FN:77,_ZSt7forwardIRKSt4pairIK12ResourceTypejEEOT_RNSt16remove_referenceIS6_E4typeE
FNDA:4,_ZSt7forwardIRKSt4pairIK12ResourceTypejEEOT_RNSt16remove_referenceIS6_E4typeE
FN:77,_ZSt7forwardISt5tupleIJRK12ResourceTypeEEEOT_RNSt16remove_referenceIS5_E4typeE
FNDA:0,_ZSt7forwardISt5tupleIJRK12ResourceTypeEEEOT_RNSt16remove_referenceIS5_E4typeE
FN:77,_ZSt7forwardISt5tupleIJEEEOT_RNSt16remove_referenceIS2_E4typeE
FNDA:100,_ZSt7forwardISt5tupleIJEEEOT_RNSt16remove_referenceIS2_E4typeE
FN:77,_ZSt7forwardISt5tupleIJO12ResourceTypeEEEOT_RNSt16remove_referenceIS4_E4typeE
FNDA:100,_ZSt7forwardISt5tupleIJO12ResourceTypeEEEOT_RNSt16remove_referenceIS4_E4typeE
FN:77,_ZSt7forwardIRKSt21piecewise_construct_tEOT_RNSt16remove_referenceIS3_E4typeE
FNDA:100,_ZSt7forwardIRKSt21piecewise_construct_tEOT_RNSt16remove_referenceIS3_E4typeE
FN:77,_ZSt7forwardI12ResourceTypeEOT_RNSt16remove_referenceIS1_E4typeE
FNDA:100,_ZSt7forwardI12ResourceTypeEOT_RNSt16remove_referenceIS1_E4typeE
FN:104,_ZSt4moveIR12ResourceTypeEONSt16remove_referenceIT_E4typeEOS3_
FNDA:50,_ZSt4moveIR12ResourceTypeEONSt16remove_referenceIT_E4typeEOS3_
FN:145,_ZSt9addressofINSt8__detail10_Hash_nodeISt4pairIK12ResourceTypejELb0EEEEPT_RS7_
FNDA:0,_ZSt9addressofINSt8__detail10_Hash_nodeISt4pairIK12ResourceTypejELb0EEEEPT_RS7_
FN:145,_ZSt9addressofIPNSt8__detail15_Hash_node_baseEEPT_RS3_
FNDA:0,_ZSt9addressofIPNSt8__detail15_Hash_node_baseEEPT_RS3_
DA:49,0
DA:50,0
DA:49,0
DA:50,0
DA:77,0
DA:78,0
DA:77,25
DA:78,25
DA:77,4
DA:78,4
DA:77,0
DA:78,0
DA:77,100
DA:78,100
DA:77,100
DA:78,100
DA:77,100
DA:78,100
DA:77,100
DA:78,100
DA:104,50
DA:105,50
DA:145,0
DA:146,0
DA:145,0
DA:146,0
end_of_record
SF:/usr/include/c++/11/bits/ptr_traits.h
FN:149,_ZNSt14pointer_traitsIPNSt8__detail10_Hash_nodeISt4pairIK12ResourceTypejELb0EEEE10pointer_toERS6_
FNDA:0,_ZNSt14pointer_traitsIPNSt8__detail10_Hash_nodeISt4pairIK12ResourceTypejELb0EEEE10pointer_toERS6_
FN:149,_ZNSt14pointer_traitsIPPNSt8__detail15_Hash_node_baseEE10pointer_toERS2_
FNDA:0,_ZNSt14pointer_traitsIPPNSt8__detail15_Hash_node_baseEE10pointer_toERS2_
FN:159,_ZSt12__to_addressIPNSt8__detail15_Hash_node_baseEEPT_S4_
FNDA:5,_ZSt12__to_addressIPNSt8__detail15_Hash_node_baseEEPT_S4_
FN:159,_ZSt12__to_addressINSt8__detail10_Hash_nodeISt4pairIK12ResourceTypejELb0EEEEPT_S8_
FNDA:5,_ZSt12__to_addressINSt8__detail10_Hash_nodeISt4pairIK12ResourceTypejELb0EEEEPT_S8_
DA:149,0
DA:150,0
DA:149,0
DA:150,0
DA:159,5
DA:162,5
DA:159,5
DA:162,5
end_of_record
SF:/usr/include/c++/11/bits/hashtable.h
FN:302,_ZNSt10_HashtableI12ResourceTypeSt4pairIKS0_jESaIS3_ENSt8__detail10_Select1stESt8equal_toIS0_ESt4hashIS0_ENS5_18_Mod_range_hashingENS5_20_Default_ranged_hashENS5_20_Prime_rehash_policyENS5_17_Hashtable_traitsILb0ELb0ELb1EEEE12_Scoped_nodeC2IJRKSt21piecewise_construct_tSt5tupleIJOS0_EESM_IJEEEEEPNS5_16_Hashtable_allocISaINS5_10_Hash_nodeIS3_Lb0EEEEEEDpOT_
FNDA:5,_ZNSt10_HashtableI12ResourceTypeSt4pairIKS0_jESaIS3_ENSt8__detail10_Select1stESt8equal_toIS0_ESt4hashIS0_ENS5_18_Mod_range_hashingENS5_20_Default_ranged_hashENS5_20_Prime_rehash_policyENS5_17_Hashtable_traitsILb0ELb0ELb1EEEE12_Scoped_nodeC2IJRKSt21piecewise_construct_tSt5tupleIJOS0_EESM_IJEEEEEPNS5_16_Hashtable_allocISaINS5_10_Hash_nodeIS3_Lb0EEEEEEDpOT_
FN:302,_ZNSt10_HashtableI12ResourceTypeSt4pairIKS0_jESaIS3_ENSt8__detail10_Select1stESt8equal_toIS0_ESt4hashIS0_ENS5_18_Mod_range_hashingENS5_20_Default_ranged_hashENS5_20_Prime_rehash_policyENS5_17_Hashtable_traitsILb0ELb0ELb1EEEE12_Scoped_nodeC2IJRKSt21piecewise_construct_tSt5tupleIJRS2_EESM_IJEEEEEPNS5_16_Hashtable_allocISaINS5_10_Hash_nodeIS3_Lb0EEEEEEDpOT_
FNDA:0,_ZNSt10_HashtableI12ResourceTypeSt4pairIKS0_jESaIS3_ENSt8__detail10_Select1stESt8equal_toIS0_ESt4hashIS0_ENS5_18_Mod_range_hashingENS5_20_Default_ranged_hashENS5_20_Prime_rehash_policyENS5_17_Hashtable_traitsILb0ELb0ELb1EEEE12_Scoped_nodeC2IJRKSt21piecewise_construct_tSt5tupleIJRS2_EESM_IJEEEEEPNS5_16_Hashtable_allocISaINS5_10_Hash_nodeIS3_Lb0EEEEEEDpOT_
FN:308,_ZNSt10_HashtableI12ResourceTypeSt4pairIKS0_jESaIS3_ENSt8__detail10_Select1stESt8equal_toIS0_ESt4hashIS0_ENS5_18_Mod_range_hashingENS5_20_Default_ranged_hashENS5_20_Prime_rehash_policyENS5_17_Hashtable_traitsILb0ELb0ELb1EEEE12_Scoped_nodeD2Ev
FNDA:5,_ZNSt10_HashtableI12ResourceTypeSt4pairIKS0_jESaIS3_ENSt8__detail10_Select1stESt8equal_toIS0_ESt4hashIS0_ENS5_18_Mod_range_hashingENS5_20_Default_ranged_hashENS5_20_Prime_rehash_policyENS5_17_Hashtable_traitsILb0ELb0ELb1EEEE12_Scoped_nodeD2Ev
FN:421,_ZNKSt10_HashtableI12ResourceTypeSt4pairIKS0_jESaIS3_ENSt8__detail10_Select1stESt8equal_toIS0_ESt4hashIS0_ENS5_18_Mod_range_hashingENS5_20_Default_ranged_hashENS5_20_Prime_rehash_policyENS5_17_Hashtable_traitsILb0ELb0ELb1EEEE21_M_uses_single_bucketEPPNS5_15_Hash_node_baseE
FNDA:1,_ZNKSt10_HashtableI12ResourceTypeSt4pairIKS0_jESaIS3_ENSt8__detail10_Select1stESt8equal_toIS0_ESt4hashIS0_ENS5_18_Mod_range_hashingENS5_20_Default_ranged_hashENS5_20_Prime_rehash_policyENS5_17_Hashtable_traitsILb0ELb0ELb1EEEE21_M_uses_single_bucketEPPNS5_15_Hash_node_baseE
FN:432,_ZNSt10_HashtableI12ResourceTypeSt4pairIKS0_jESaIS3_ENSt8__detail10_Select1stESt8equal_toIS0_ESt4hashIS0_ENS5_18_Mod_range_hashingENS5_20_Default_ranged_hashENS5_20_Prime_rehash_policyENS5_17_Hashtable_traitsILb0ELb0ELb1EEEE19_M_allocate_bucketsEm
FNDA:1,_ZNSt10_HashtableI12ResourceTypeSt4pairIKS0_jESaIS3_ENSt8__detail10_Select1stESt8equal_toIS0_ESt4hashIS0_ENS5_18_Mod_range_hashingENS5_20_Default_ranged_hashENS5_20_Prime_rehash_policyENS5_17_Hashtable_traitsILb0ELb0ELb1EEEE19_M_allocate_bucketsEm
FN:444,_ZNSt10_HashtableI12ResourceTypeSt4pairIKS0_jESaIS3_ENSt8__detail10_Select1stESt8equal_toIS0_ESt4hashIS0_ENS5_18_Mod_range_hashingENS5_20_Default_ranged_hashENS5_20_Prime_rehash_policyENS5_17_Hashtable_traitsILb0ELb0ELb1EEEE21_M_deallocate_bucketsEPPNS5_15_Hash_node_baseEm
FNDA:1,_ZNSt10_HashtableI12ResourceTypeSt4pairIKS0_jESaIS3_ENSt8__detail10_Select1stESt8equal_toIS0_ESt4hashIS0_ENS5_18_Mod_range_hashingENS5_20_Default_ranged_hashENS5_20_Prime_rehash_policyENS5_17_Hashtable_traitsILb0ELb0ELb1EEEE21_M_deallocate_bucketsEPPNS5_15_Hash_node_baseEm
FN:453,_ZNSt10_HashtableI12ResourceTypeSt4pairIKS0_jESaIS3_ENSt8__detail10_Select1stESt8equal_toIS0_ESt4hashIS0_ENS5_18_Mod_range_hashingENS5_20_Default_ranged_hashENS5_20_Prime_rehash_policyENS5_17_Hashtable_traitsILb0ELb0ELb1EEEE21_M_deallocate_bucketsEv
FNDA:1,_ZNSt10_HashtableI12ResourceTypeSt4pairIKS0_jESaIS3_ENSt8__detail10_Select1stESt8equal_toIS0_ESt4hashIS0_ENS5_18_Mod_range_hashingENS5_20_Default_ranged_hashENS5_20_Prime_rehash_policyENS5_17_Hashtable_traitsILb0ELb0ELb1EEEE21_M_deallocate_bucketsEv
FN:462,_ZNKSt10_HashtableI12ResourceTypeSt4pairIKS0_jESaIS3_ENSt8__detail10_Select1stESt8equal_toIS0_ESt4hashIS0_ENS5_18_Mod_range_hashingENS5_20_Default_ranged_hashENS5_20_Prime_rehash_policyENS5_17_Hashtable_traitsILb0ELb0ELb1EEEE8_M_beginEv
FNDA:1,_ZNKSt10_HashtableI12ResourceTypeSt4pairIKS0_jESaIS3_ENSt8__detail10_Select1stESt8equal_toIS0_ESt4hashIS0_ENS5_18_Mod_range_hashingENS5_20_Default_ranged_hashENS5_20_Prime_rehash_policyENS5_17_Hashtable_traitsILb0ELb0ELb1EEEE8_M_beginEv
FN:528,_ZNSt10_HashtableI12ResourceTypeSt4pairIKS0_jESaIS3_ENSt8__detail10_Select1stESt8equal_toIS0_ESt4hashIS0_ENS5_18_Mod_range_hashingENS5_20_Default_ranged_hashENS5_20_Prime_rehash_policyENS5_17_Hashtable_traitsILb0ELb0ELb1EEEEC2Ev
FNDA:1,_ZNSt10_HashtableI12ResourceTypeSt4pairIKS0_jESaIS3_ENSt8__detail10_Select1stESt8equal_toIS0_ESt4hashIS0_ENS5_18_Mod_range_hashingENS5_20_Default_ranged_hashENS5_20_Prime_rehash_policyENS5_17_Hashtable_traitsILb0ELb0ELb1EEEEC2Ev
FN:790,_ZNKSt10_HashtableI12ResourceTypeSt4pairIKS0_jESaIS3_ENSt8__detail10_Select1stESt8equal_toIS0_ESt4hashIS0_ENS5_18_Mod_range_hashingENS5_20_Default_ranged_hashENS5_20_Prime_rehash_policyENS5_17_Hashtable_traitsILb0ELb0ELb1EEEE15_M_bucket_indexERKNS5_16_Hash_node_valueIS3_Lb0EEE
FNDA:4,_ZNKSt10_HashtableI12ResourceTypeSt4pairIKS0_jESaIS3_ENSt8__detail10_Select1stESt8equal_toIS0_ESt4hashIS0_ENS5_18_Mod_range_hashingENS5_20_Default_ranged_hashENS5_20_Prime_rehash_policyENS5_17_Hashtable_traitsILb0ELb0ELb1EEEE15_M_bucket_indexERKNS5_16_Hash_node_valueIS3_Lb0EEE
FN:794,_ZNKSt10_HashtableI12ResourceTypeSt4pairIKS0_jESaIS3_ENSt8__detail10_Select1stESt8equal_toIS0_ESt4hashIS0_ENS5_18_Mod_range_hashingENS5_20_Default_ranged_hashENS5_20_Prime_rehash_policyENS5_17_Hashtable_traitsILb0ELb0ELb1EEEE15_M_bucket_indexEm
FNDA:6,_ZNKSt10_HashtableI12ResourceTypeSt4pairIKS0_jESaIS3_ENSt8__detail10_Select1stESt8equal_toIS0_ESt4hashIS0_ENS5_18_Mod_range_hashingENS5_20_Default_ranged_hashENS5_20_Prime_rehash_policyENS5_17_Hashtable_traitsILb0ELb0ELb1EEEE15_M_bucket_indexEm
FN:807,_ZNKSt10_HashtableI12ResourceTypeSt4pairIKS0_jESaIS3_ENSt8__detail10_Select1stESt8equal_toIS0_ESt4hashIS0_ENS5_18_Mod_range_hashingENS5_20_Default_ranged_hashENS5_20_Prime_rehash_policyENS5_17_Hashtable_traitsILb0ELb0ELb1EEEE12_M_find_nodeEmRS2_m
FNDA:5,_ZNKSt10_HashtableI12ResourceTypeSt4pairIKS0_jESaIS3_ENSt8__detail10_Select1stESt8equal_toIS0_ESt4hashIS0_ENS5_18_Mod_range_hashingENS5_20_Default_ranged_hashENS5_20_Prime_rehash_policyENS5_17_Hashtable_traitsILb0ELb0ELb1EEEE12_M_find_nodeEmRS2_m
FN:1528,_ZNSt10_HashtableI12ResourceTypeSt4pairIKS0_jESaIS3_ENSt8__detail10_Select1stESt8equal_toIS0_ESt4hashIS0_ENS5_18_Mod_range_hashingENS5_20_Default_ranged_hashENS5_20_Prime_rehash_policyENS5_17_Hashtable_traitsILb0ELb0ELb1EEEED2Ev
FNDA:0,_ZNSt10_HashtableI12ResourceTypeSt4pairIKS0_jESaIS3_ENSt8__detail10_Select1stESt8equal_toIS0_ESt4hashIS0_ENS5_18_Mod_range_hashingENS5_20_Default_ranged_hashENS5_20_Prime_rehash_policyENS5_17_Hashtable_traitsILb0ELb0ELb1EEEED2Ev
FN:1827,_ZNKSt10_HashtableI12ResourceTypeSt4pairIKS0_jESaIS3_ENSt8__detail10_Select1stESt8equal_toIS0_ESt4hashIS0_ENS5_18_Mod_range_hashingENS5_20_Default_ranged_hashENS5_20_Prime_rehash_policyENS5_17_Hashtable_traitsILb0ELb0ELb1EEEE19_M_find_before_nodeEmRS2_m
FNDA:5,_ZNKSt10_HashtableI12ResourceTypeSt4pairIKS0_jESaIS3_ENSt8__detail10_Select1stESt8equal_toIS0_ESt4hashIS0_ENS5_18_Mod_range_hashingENS5_20_Default_ranged_hashENS5_20_Prime_rehash_policyENS5_17_Hashtable_traitsILb0ELb0ELb1EEEE19_M_find_before_nodeEmRS2_m
FN:1886,_ZNSt10_HashtableI12ResourceTypeSt4pairIKS0_jESaIS3_ENSt8__detail10_Select1stESt8equal_toIS0_ESt4hashIS0_ENS5_18_Mod_range_hashingENS5_20_Default_ranged_hashENS5_20_Prime_rehash_policyENS5_17_Hashtable_traitsILb0ELb0ELb1EEEE22_M_insert_bucket_beginEmPNS5_10_Hash_nodeIS3_Lb0EEE
FNDA:5,_ZNSt10_HashtableI12ResourceTypeSt4pairIKS0_jESaIS3_ENSt8__detail10_Select1stESt8equal_toIS0_ESt4hashIS0_ENS5_18_Mod_range_hashingENS5_20_Default_ranged_hashENS5_20_Prime_rehash_policyENS5_17_Hashtable_traitsILb0ELb0ELb1EEEE22_M_insert_bucket_beginEmPNS5_10_Hash_nodeIS3_Lb0EEE
FN:2008,_ZNSt10_HashtableI12ResourceTypeSt4pairIKS0_jESaIS3_ENSt8__detail10_Select1stESt8equal_toIS0_ESt4hashIS0_ENS5_18_Mod_range_hashingENS5_20_Default_ranged_hashENS5_20_Prime_rehash_policyENS5_17_Hashtable_traitsILb0ELb0ELb1EEEE21_M_insert_unique_nodeEmmPNS5_10_Hash_nodeIS3_Lb0EEEm
FNDA:5,_ZNSt10_HashtableI12ResourceTypeSt4pairIKS0_jESaIS3_ENSt8__detail10_Select1stESt8equal_toIS0_ESt4hashIS0_ENS5_18_Mod_range_hashingENS5_20_Default_ranged_hashENS5_20_Prime_rehash_policyENS5_17_Hashtable_traitsILb0ELb0ELb1EEEE21_M_insert_unique_nodeEmmPNS5_10_Hash_nodeIS3_Lb0EEEm
FN:2316,_ZNSt10_HashtableI12ResourceTypeSt4pairIKS0_jESaIS3_ENSt8__detail10_Select1stESt8equal_toIS0_ESt4hashIS0_ENS5_18_Mod_range_hashingENS5_20_Default_ranged_hashENS5_20_Prime_rehash_policyENS5_17_Hashtable_traitsILb0ELb0ELb1EEEE5clearEv
FNDA:0,_ZNSt10_HashtableI12ResourceTypeSt4pairIKS0_jESaIS3_ENSt8__detail10_Select1stESt8equal_toIS0_ESt4hashIS0_ENS5_18_Mod_range_hashingENS5_20_Default_ranged_hashENS5_20_Prime_rehash_policyENS5_17_Hashtable_traitsILb0ELb0ELb1EEEE5clearEv
FN:2355,_ZNSt10_HashtableI12ResourceTypeSt4pairIKS0_jESaIS3_ENSt8__detail10_Select1stESt8equal_toIS0_ESt4hashIS0_ENS5_18_Mod_range_hashingENS5_20_Default_ranged_hashENS5_20_Prime_rehash_policyENS5_17_Hashtable_traitsILb0ELb0ELb1EEEE9_M_rehashEmRKm
FNDA:1,_ZNSt10_HashtableI12ResourceTypeSt4pairIKS0_jESaIS3_ENSt8__detail10_Select1stESt8equal_toIS0_ESt4hashIS0_ENS5_18_Mod_range_hashingENS5_20_Default_ranged_hashENS5_20_Prime_rehash_policyENS5_17_Hashtable_traitsILb0ELb0ELb1EEEE9_M_rehashEmRKm
FN:2378,_ZNSt10_HashtableI12ResourceTypeSt4pairIKS0_jESaIS3_ENSt8__detail10_Select1stESt8equal_toIS0_ESt4hashIS0_ENS5_18_Mod_range_hashingENS5_20_Default_ranged_hashENS5_20_Prime_rehash_policyENS5_17_Hashtable_traitsILb0ELb0ELb1EEEE13_M_rehash_auxEmSt17integral_constantIbLb1EE
FNDA:1,_ZNSt10_HashtableI12ResourceTypeSt4pairIKS0_jESaIS3_ENSt8__detail10_Select1stESt8equal_toIS0_ESt4hashIS0_ENS5_18_Mod_range_hashingENS5_20_Default_ranged_hashENS5_20_Prime_rehash_policyENS5_17_Hashtable_traitsILb0ELb0ELb1EEEE13_M_rehash_auxEmSt17integral_constantIbLb1EE
DA:302,0
DA:303,0
DA:304,0
DA:305,0
DA:302,5
DA:303,5
DA:304,5
DA:305,5
DA:308,5
DA:421,1
DA:422,1
DA:432,1
DA:434,1
DA:436,0
DA:437,0
DA:440,1
DA:444,1
DA:446,1
DA:447,1
DA:449,0
DA:453,1
DA:454,1
DA:462,1
DA:463,1
DA:528,1
DA:790,4
DA:791,4
DA:794,6
DA:795,6
DA:807,5
DA:810,5
DA:811,5
DA:812,0
DA:813,5
DA:1528,0
DA:1532,0
DA:1533,0
DA:1534,0
DA:1827,5
DA:1833,5
DA:1834,5
DA:1835,5
DA:1837,0
DA:1838,0
DA:1840,0
DA:1841,0
DA:1843,0
DA:1844,0
DA:1845,0
DA:1848,0
DA:1886,5
DA:1890,5
DA:1894,0
DA:1895,0
DA:1902,5
DA:1903,5
DA:1905,5
DA:1908,4
DA:1910,5
DA:1912,5
DA:2008,5
DA:2014,5
DA:2016,5
DA:2019,5
DA:2021,1
DA:2022,1
DA:2025,5
DA:2028,5
DA:2029,5
DA:2030,5
DA:2316,0
DA:2320,0
DA:2321,0
DA:2322,0
DA:2323,0
DA:2324,0
DA:2325,0
DA:2355,1
DA:2361,1
DA:2363,0
DA:2367,0
DA:2368,0
DA:2370,1
DA:2378,1
DA:2382,1
DA:2383,1
DA:2384,1
DA:2385,1
DA:2386,1
DA:2388,0
DA:2390,0
DA:2391,0
DA:2393,0
DA:2394,0
DA:2395,0
DA:2396,0
DA:2397,0
DA:2398,0
DA:2402,0
DA:2403,0
DA:2406,0
DA:2409,1
DA:2410,1
DA:2411,1
DA:2412,1
end_of_record
SF:/usr/include/c++/11/utility
FN:188,_ZNSt10__pair_getILm0EE11__const_getIK12ResourceTypejEERKT_RKSt4pairIS4_T0_E
FNDA:4,_ZNSt10__pair_getILm0EE11__const_getIK12ResourceTypejEERKT_RKSt4pairIS4_T0_E
FN:233,_ZSt3getILm0EK12ResourceTypejERKNSt13tuple_elementIXT_ESt4pairIT0_T1_EE4typeERKS6_
FNDA:4,_ZSt3getILm0EK12ResourceTypejERKNSt13tuple_elementIXT_ESt4pairIT0_T1_EE4typeERKS6_
DA:188,4
DA:189,4
DA:233,4
DA:234,4
end_of_record
SF:/usr/include/c++/11/iostream
end_of_record
SF:/usr/include/c++/11/bits/functional_hash.h
FN:92,_ZNKSt11__hash_enumI12ResourceTypeLb1EEclES0_
FNDA:45,_ZNKSt11__hash_enumI12ResourceTypeLb1EEclES0_
FN:154,_ZNKSt4hashIiEclEi
FNDA:45,_ZNKSt4hashIiEclEi
DA:92,45
DA:95,45
DA:154,45
end_of_record
SF:/usr/include/c++/11/ext/aligned_buffer.h
FN:102,_ZN9__gnu_cxx16__aligned_bufferISt4pairIK12ResourceTypejEE7_M_addrEv
FNDA:10,_ZN9__gnu_cxx16__aligned_bufferISt4pairIK12ResourceTypejEE7_M_addrEv
FN:108,_ZNK9__gnu_cxx16__aligned_bufferISt4pairIK12ResourceTypejEE7_M_addrEv
FNDA:4,_ZNK9__gnu_cxx16__aligned_bufferISt4pairIK12ResourceTypejEE7_M_addrEv
FN:114,_ZN9__gnu_cxx16__aligned_bufferISt4pairIK12ResourceTypejEE6_M_ptrEv
FNDA:10,_ZN9__gnu_cxx16__aligned_bufferISt4pairIK12ResourceTypejEE6_M_ptrEv
FN:118,_ZNK9__gnu_cxx16__aligned_bufferISt4pairIK12ResourceTypejEE6_M_ptrEv
FNDA:4,_ZNK9__gnu_cxx16__aligned_bufferISt4pairIK12ResourceTypejEE6_M_ptrEv
DA:102,10
DA:104,10
DA:108,4
DA:110,4
DA:114,10
DA:115,10
DA:118,4
DA:119,4
end_of_record
SF:/usr/include/c++/11/bits/allocator.h
FN:156,_ZNSaINSt8__detail10_Hash_nodeISt4pairIK12ResourceTypejELb0EEEEC2Ev
FNDA:1,_ZNSaINSt8__detail10_Hash_nodeISt4pairIK12ResourceTypejELb0EEEEC2Ev
FN:169,_ZNSaIPNSt8__detail15_Hash_node_baseEEC2INS_10_Hash_nodeISt4pairIK12ResourceTypejELb0EEEEERKSaIT_E
FNDA:1,_ZNSaIPNSt8__detail15_Hash_node_baseEEC2INS_10_Hash_nodeISt4pairIK12ResourceTypejELb0EEEEERKSaIT_E
FN:174,_ZNSaIPNSt8__detail15_Hash_node_baseEED2Ev
FNDA:5,_ZNSaIPNSt8__detail15_Hash_node_baseEED2Ev
FN:174,_ZNSaINSt8__detail10_Hash_nodeISt4pairIK12ResourceTypejELb0EEEED2Ev
FNDA:0,_ZNSaINSt8__detail10_Hash_nodeISt4pairIK12ResourceTypejELb0EEEED2Ev
DA:156,1
DA:169,1
DA:174,5
DA:174,0
end_of_record
SF:/usr/include/c++/11/tuple
FN:192,_ZNSt10_Head_baseILm0ERK12ResourceTypeLb0EEC2ES2_
FNDA:0,_ZNSt10_Head_baseILm0ERK12ResourceTypeLb0EEC2ES2_
FN:199,_ZNSt10_Head_baseILm0EO12ResourceTypeLb0EEC2IS0_EEOT_
FNDA:25,_ZNSt10_Head_baseILm0EO12ResourceTypeLb0EEC2IS0_EEOT_
FN:233,_ZNSt10_Head_baseILm0EO12ResourceTypeLb0EE7_M_headERS2_
FNDA:25,_ZNSt10_Head_baseILm0EO12ResourceTypeLb0EE7_M_headERS2_
FN:233,_ZNSt10_Head_baseILm0ERK12ResourceTypeLb0EE7_M_headERS3_
FNDA:0,_ZNSt10_Head_baseILm0ERK12ResourceTypeLb0EE7_M_headERS3_
FN:424,_ZNSt11_Tuple_implILm0EJRK12ResourceTypeEE7_M_headERS3_
FNDA:0,_ZNSt11_Tuple_implILm0EJRK12ResourceTypeEE7_M_headERS3_
FN:424,_ZNSt11_Tuple_implILm0EJO12ResourceTypeEE7_M_headERS2_
FNDA:25,_ZNSt11_Tuple_implILm0EJO12ResourceTypeEE7_M_headERS2_
FN:434,_ZNSt11_Tuple_implILm0EJRK12ResourceTypeEEC2ES2_
FNDA:0,_ZNSt11_Tuple_implILm0EJRK12ResourceTypeEEC2ES2_
FN:440,_ZNSt11_Tuple_implILm0EJO12ResourceTypeEEC2IS0_EEOT_
FNDA:25,_ZNSt11_Tuple_implILm0EJO12ResourceTypeEEC2IS0_EEOT_
FN:454,_ZNSt11_Tuple_implILm0EJRK12ResourceTypeEEC2EOS3_
FNDA:0,_ZNSt11_Tuple_implILm0EJRK12ResourceTypeEEC2EOS3_
FN:454,_ZNSt11_Tuple_implILm0EJO12ResourceTypeEEC2EOS2_
FNDA:25,_ZNSt11_Tuple_implILm0EJO12ResourceTypeEEC2EOS2_
FN:727,_ZNSt5tupleIJRK12ResourceTypeEEC2ILb1ELb1EEES2_
FNDA:0,_ZNSt5tupleIJRK12ResourceTypeEEC2ILb1ELb1EEES2_
FN:742,_ZNSt5tupleIJO12ResourceTypeEEC2IJS0_ELb1ELb1EEEDpOT_
FNDA:25,_ZNSt5tupleIJO12ResourceTypeEEC2IJS0_ELb1ELb1EEEDpOT_
FN:756,_ZNSt5tupleIJRK12ResourceTypeEEC2EOS3_
FNDA:0,_ZNSt5tupleIJRK12ResourceTypeEEC2EOS3_
FN:756,_ZNSt5tupleIJO12ResourceTypeEEC2EOS2_
FNDA:25,_ZNSt5tupleIJO12ResourceTypeEEC2EOS2_
FN:1377,_ZSt12__get_helperILm0EO12ResourceTypeJEERT0_RSt11_Tuple_implIXT_EJS2_DpT1_EE
FNDA:25,_ZSt12__get_helperILm0EO12ResourceTypeJEERT0_RSt11_Tuple_implIXT_EJS2_DpT1_EE
FN:1377,_ZSt12__get_helperILm0ERK12ResourceTypeJEERT0_RSt11_Tuple_implIXT_EJS3_DpT1_EE
FNDA:0,_ZSt12__get_helperILm0ERK12ResourceTypeJEERT0_RSt11_Tuple_implIXT_EJS3_DpT1_EE
FN:1393,_ZSt3getILm0EJO12ResourceTypeEERNSt13tuple_elementIXT_ESt5tupleIJDpT0_EEE4typeERS6_
FNDA:25,_ZSt3getILm0EJO12ResourceTypeEERNSt13tuple_elementIXT_ESt5tupleIJDpT0_EEE4typeERS6_
FN:1393,_ZSt3getILm0EJRK12ResourceTypeEERNSt13tuple_elementIXT_ESt5tupleIJDpT0_EEE4typeERS7_
FNDA:0,_ZSt3getILm0EJRK12ResourceTypeEERNSt13tuple_elementIXT_ESt5tupleIJDpT0_EEE4typeERS7_
FN:1617,_ZSt16forward_as_tupleIJ12ResourceTypeEESt5tupleIJDpOT_EES4_
FNDA:25,_ZSt16forward_as_tupleIJ12ResourceTypeEESt5tupleIJDpOT_EES4_
FN:1804,_ZNSt4pairIK12ResourceTypejEC2IJRS1_EJEEESt21piecewise_construct_tSt5tupleIJDpT_EES6_IJDpT0_EE
FNDA:0,_ZNSt4pairIK12ResourceTypejEC2IJRS1_EJEEESt21piecewise_construct_tSt5tupleIJDpT_EES6_IJDpT0_EE
FN:1804,_ZNSt4pairIK12ResourceTypejEC2IJOS0_EJEEESt21piecewise_construct_tSt5tupleIJDpT_EES6_IJDpT0_EE
FNDA:5,_ZNSt4pairIK12ResourceTypejEC2IJOS0_EJEEESt21piecewise_construct_tSt5tupleIJDpT_EES6_IJDpT0_EE
FN:1816,_ZNSt4pairIK12ResourceTypejEC2IJOS0_EJLm0EEJEJEEERSt5tupleIJDpT_EERS5_IJDpT1_EESt12_Index_tupleIJXspT0_EEESE_IJXspT2_EEE
FNDA:5,_ZNSt4pairIK12ResourceTypejEC2IJOS0_EJLm0EEJEJEEERSt5tupleIJDpT_EERS5_IJDpT1_EESt12_Index_tupleIJXspT0_EEESE_IJXspT2_EEE
FN:1816,_ZNSt4pairIK12ResourceTypejEC2IJRS1_EJLm0EEJEJEEERSt5tupleIJDpT_EERS5_IJDpT1_EESt12_Index_tupleIJXspT0_EEESE_IJXspT2_EEE
FNDA:0,_ZNSt4pairIK12ResourceTypejEC2IJRS1_EJLm0EEJEJEEERSt5tupleIJDpT_EERS5_IJDpT1_EESt12_Index_tupleIJXspT0_EEESE_IJXspT2_EEE
DA:192,0
DA:193,0
DA:199,25
DA:200,25
DA:233,0
DA:233,25
DA:424,0
DA:424,25
DA:434,0
DA:435,0
DA:436,0
DA:440,25
DA:441,25
DA:442,25
DA:454,0
DA:456,0
DA:457,0
DA:454,25
DA:456,25
DA:457,25
DA:727,0
DA:729,0
DA:742,25
DA:744,25
DA:756,0
DA:756,25
DA:1377,0
DA:1378,0
DA:1377,25
DA:1378,25
DA:1393,0
DA:1394,0
DA:1393,25
DA:1394,25
DA:1617,25
DA:1618,25
DA:1804,0
DA:1809,0
DA:1810,0
DA:1804,5
DA:1809,5
DA:1810,5
DA:1816,0
DA:1819,0
DA:1820,0
DA:1821,0
DA:1816,5
DA:1819,5
DA:1820,5
DA:1821,5
end_of_record
SF:/usr/include/c++/11/bits/unordered_map.h
FN:141,_ZNSt13unordered_mapI12ResourceTypejSt4hashIS0_ESt8equal_toIS0_ESaISt4pairIKS0_jEEEC2Ev
FNDA:1,_ZNSt13unordered_mapI12ResourceTypejSt4hashIS0_ESt8equal_toIS0_ESaISt4pairIKS0_jEEEC2Ev
FN:979,_ZNSt13unordered_mapI12ResourceTypejSt4hashIS0_ESt8equal_toIS0_ESaISt4pairIKS0_jEEEixERS6_
FNDA:0,_ZNSt13unordered_mapI12ResourceTypejSt4hashIS0_ESt8equal_toIS0_ESaISt4pairIKS0_jEEEixERS6_
FN:983,_ZNSt13unordered_mapI12ResourceTypejSt4hashIS0_ESt8equal_toIS0_ESaISt4pairIKS0_jEEEixEOS0_
FNDA:5,_ZNSt13unordered_mapI12ResourceTypejSt4hashIS0_ESt8equal_toIS0_ESaISt4pairIKS0_jEEEixEOS0_
DA:141,1
DA:979,0
DA:980,0
DA:983,5
DA:984,5
end_of_record
TN:
SF:/usr/include/c++/11/bits/stl_iterator_base_types.h
FN:238,_ZSt19__iterator_categoryIPKcENSt15iterator_traitsIT_E17iterator_categoryERKS3_
FNDA:62,_ZSt19__iterator_categoryIPKcENSt15iterator_traitsIT_E17iterator_categoryERKS3_
DA:238,62
DA:239,62
end_of_record
SF:/usr/include/c++/11/bits/allocator.h
FN:169,_ZNSaIPNSt8__detail15_Hash_node_baseEEC2INS_10_Hash_nodeISt4pairIK12ResourceTypejELb0EEEEERKSaIT_E
FNDA:0,_ZNSaIPNSt8__detail15_Hash_node_baseEEC2INS_10_Hash_nodeISt4pairIK12ResourceTypejELb0EEEEERKSaIT_E
FN:169,_ZNSaIPNSt8__detail15_Hash_node_baseEEC2INS_10_Hash_nodeISt4pairIK12ResourceTypeiELb0EEEEERKSaIT_E
FNDA:4,_ZNSaIPNSt8__detail15_Hash_node_baseEEC2INS_10_Hash_nodeISt4pairIK12ResourceTypeiELb0EEEEERKSaIT_E
FN:174,_ZNSaIPNSt8__detail15_Hash_node_baseEED2Ev
FNDA:0,_ZNSaIPNSt8__detail15_Hash_node_baseEED2Ev
FN:174,_ZNSaINSt8__detail10_Hash_nodeISt4pairIK12ResourceTypejELb0EEEED2Ev
FNDA:0,_ZNSaINSt8__detail10_Hash_nodeISt4pairIK12ResourceTypejELb0EEEED2Ev
FN:174,_ZNSaINSt8__detail10_Hash_nodeISt4pairIK12ResourceTypeiELb0EEEED2Ev
FNDA:0,_ZNSaINSt8__detail10_Hash_nodeISt4pairIK12ResourceTypeiELb0EEEED2Ev
DA:169,0
DA:169,4
DA:174,0
DA:174,0
DA:174,0
end_of_record
SF:/usr/include/c++/11/bits/basic_string.tcc
FN:206,_ZNSt7__cxx1112basic_stringIcSt11char_traitsIcESaIcEE12_M_constructIPKcEEvT_S8_St20forward_iterator_tag
FNDA:62,_ZNSt7__cxx1112basic_stringIcSt11char_traitsIcESaIcEE12_M_constructIPKcEEvT_S8_St20forward_iterator_tag
DA:206,62
DA:211,62
DA:212,0
DA:215,62
DA:217,62
DA:219,0
DA:220,0
DA:225,62
DA:226,0
DA:228,0
DA:229,0
DA:232,62
DA:233,62
end_of_record
SF:/usr/include/c++/11/bits/char_traits.h
FN:106,_ZN9__gnu_cxx11char_traitsIcE2eqERKcS3_
FNDA:0,_ZN9__gnu_cxx11char_traitsIcE2eqERKcS3_
FN:167,_ZN9__gnu_cxx11char_traitsIcE6lengthEPKc
FNDA:0,_ZN9__gnu_cxx11char_traitsIcE6lengthEPKc
FN:393,_ZNSt11char_traitsIcE6lengthEPKc
FNDA:58,_ZNSt11char_traitsIcE6lengthEPKc
DA:106,0
DA:107,0
DA:167,0
DA:170,0
DA:171,0
DA:172,0
DA:173,0
DA:290,58
DA:393,58
DA:396,58
DA:397,0
DA:399,58
end_of_record
SF:/usr/include/x86_64-linux-gnu/qt5/QtCore/qflags.h
FN:121,_ZN6QFlagsIN10QArrayData16AllocationOptionEEC2ES1_
FNDA:0,_ZN6QFlagsIN10QArrayData16AllocationOptionEEC2ES1_
DA:121,0
end_of_record
SF:/usr/include/c++/11/bits/unordered_map.h
end_of_record
SF:/usr/include/c++/11/bits/stl_iterator_base_funcs.h
FN:98,_ZSt10__distanceIPKcENSt15iterator_traitsIT_E15difference_typeES3_S3_St26random_access_iterator_tag
FNDA:62,_ZSt10__distanceIPKcENSt15iterator_traitsIT_E15difference_typeES3_S3_St26random_access_iterator_tag
FN:138,_ZSt8distanceIPKcENSt15iterator_traitsIT_E15difference_typeES3_S3_
FNDA:62,_ZSt8distanceIPKcENSt15iterator_traitsIT_E15difference_typeES3_S3_
DA:98,62
DA:104,62
DA:138,62
DA:141,62
DA:142,124
end_of_record
SF:/home/stefan/Desktop/Catan/06-catan/src/sources/game.cpp
FN:9,_ZN4GameC2Ev
FNDA:1,_ZN4GameC2Ev
FN:21,_ZN4GameD2Ev
FNDA:0,_ZN4GameD2Ev
FN:31,_ZNK4Game10getPlayer1Ev
FNDA:148,_ZNK4Game10getPlayer1Ev
FN:32,_ZNK4Game10getPlayer2Ev
FNDA:148,_ZNK4Game10getPlayer2Ev
FN:33,_ZNK4Game10getPlayer3Ev
FNDA:148,_ZNK4Game10getPlayer3Ev
FN:34,_ZNK4Game10getPlayer4Ev
FNDA:148,_ZNK4Game10getPlayer4Ev
FN:35,_ZNK4Game7getBankEv
FNDA:29,_ZNK4Game7getBankEv
FN:36,_ZNK4Game16getCurrentPlayerEv
FNDA:151,_ZNK4Game16getCurrentPlayerEv
FN:38,_ZN4Game11get_playersEv
FNDA:0,_ZN4Game11get_playersEv
FN:41,_ZN4Game10setPlayer1EP6Player
FNDA:0,_ZN4Game10setPlayer1EP6Player
FN:42,_ZN4Game10setPlayer2EP6Player
FNDA:0,_ZN4Game10setPlayer2EP6Player
FN:43,_ZN4Game10setPlayer3EP6Player
FNDA:0,_ZN4Game10setPlayer3EP6Player
FN:44,_ZN4Game10setPlayer4EP6Player
FNDA:0,_ZN4Game10setPlayer4EP6Player
FN:45,_ZN4Game7setBankEP4Bank
FNDA:0,_ZN4Game7setBankEP4Bank
FN:46,_ZN4Game16setCurrentPlayerEP6Player
FNDA:28,_ZN4Game16setCurrentPlayerEP6Player
FN:48,_ZNK4Game15currentPlayerIdEv
FNDA:0,_ZNK4Game15currentPlayerIdEv
FN:50,_ZN4Game10wonPlayer1Ev
FNDA:0,_ZN4Game10wonPlayer1Ev
FN:52,_ZN4Game10wonPlayer2Ev
FNDA:0,_ZN4Game10wonPlayer2Ev
FN:54,_ZN4Game10wonPlayer3Ev
FNDA:0,_ZN4Game10wonPlayer3Ev
FN:56,_ZN4Game10wonPlayer4Ev
FNDA:0,_ZN4Game10wonPlayer4Ev
FN:58,_ZN4Game3winEv
FNDA:0,_ZN4Game3winEv
FN:60,_ZN4Game6setWinEb
FNDA:0,_ZN4Game6setWinEb
FN:62,_ZN4Game10BuildHouseEv
FNDA:0,_ZN4Game10BuildHouseEv
FN:85,_ZN4Game9BuildCityEv
FNDA:0,_ZN4Game9BuildCityEv
FN:104,_ZN4Game9BuildRoadEv
FNDA:0,_ZN4Game9BuildRoadEv
FN:122,_ZN4Game9MagicCardEv
FNDA:0,_ZN4Game9MagicCardEv
FN:134,_ZN4Game19can_trade_with_bankE12ResourceTypeS0_
FNDA:0,_ZN4Game19can_trade_with_bankE12ResourceTypeS0_
FN:176,_ZN4Game15trade_with_bankE12ResourceTypeS0_
FNDA:0,_ZN4Game15trade_with_bankE12ResourceTypeS0_
FN:182,_ZN4Game4TurnEiP5Board
FNDA:28,_ZN4Game4TurnEiP5Board
FN:238,_ZN4Game19ChangeCurrentPlayerEv
FNDA:0,_ZN4Game19ChangeCurrentPlayerEv
FN:250,_ZN4Game10gameResultEv
FNDA:0,_ZN4Game10gameResultEv
FN:264,_ZN4Game10nextPlayerEv
FNDA:28,_ZN4Game10nextPlayerEv
FN:276,_ZN4Game19set_can_build_houseEb
FNDA:0,_ZN4Game19set_can_build_houseEb
FN:278,_ZN4Game18set_can_build_cityEb
FNDA:0,_ZN4Game18set_can_build_cityEb
FN:280,_ZNK4Game19get_can_build_houseEv
FNDA:0,_ZNK4Game19get_can_build_houseEv
FN:282,_ZNK4Game18get_can_build_cityEv
FNDA:0,_ZNK4Game18get_can_build_cityEv
FN:284,_ZN4Game15can_build_houseEv
FNDA:2,_ZN4Game15can_build_houseEv
FN:294,_ZN4Game14can_build_cityEv
FNDA:0,_ZN4Game14can_build_cityEv
FN:302,_ZN4Game18can_get_magic_cardEv
FNDA:0,_ZN4Game18can_get_magic_cardEv
FN:311,_ZN4Game14can_build_roadEv
FNDA:1,_ZN4Game14can_build_roadEv
DA:9,1
DA:10,1
DA:11,1
DA:12,1
DA:13,1
DA:14,2
DA:17,1
DA:18,1
DA:21,0
DA:22,0
DA:23,0
DA:24,0
DA:25,0
DA:26,0
DA:27,0
DA:28,0
DA:31,148
DA:32,148
DA:33,148
DA:34,148
DA:35,29
DA:36,151
DA:38,0
DA:41,0
DA:42,0
DA:43,0
DA:44,0
DA:45,0
DA:46,28
DA:48,0
DA:50,0
DA:52,0
DA:54,0
DA:56,0
DA:58,0
DA:60,0
DA:62,0
DA:65,0
DA:66,0
DA:67,0
DA:68,0
DA:69,0
DA:70,0
DA:73,0
DA:77,0
DA:79,0
DA:80,0
DA:81,0
DA:83,0
DA:85,0
DA:87,0
DA:88,0
DA:89,0
DA:90,0
DA:92,0
DA:93,0
DA:94,0
DA:97,0
DA:98,0
DA:99,0
DA:100,0
DA:102,0
DA:104,0
DA:106,0
DA:107,0
DA:108,0
DA:110,0
DA:113,0
DA:114,0
DA:115,0
DA:117,0
DA:118,0
DA:120,0
DA:122,0
DA:123,0
DA:124,0
DA:125,0
DA:126,0
DA:127,0
DA:128,0
DA:129,0
DA:130,0
DA:132,0
DA:134,0
DA:137,0
DA:138,0
DA:140,0
DA:141,0
DA:143,0
DA:144,0
DA:146,0
DA:147,0
DA:149,0
DA:150,0
DA:154,0
DA:155,0
DA:157,0
DA:158,0
DA:160,0
DA:161,0
DA:163,0
DA:164,0
DA:166,0
DA:167,0
DA:170,0
DA:171,0
DA:173,0
DA:176,0
DA:178,0
DA:179,0
DA:180,0
DA:182,28
DA:185,560
DA:187,532
DA:191,322
DA:194,276
DA:198,0
DA:199,0
DA:200,0
DA:201,0
DA:202,0
DA:203,0
DA:204,0
DA:205,0
DA:206,0
DA:207,0
DA:208,0
DA:209,0
DA:211,0
DA:212,0
DA:215,276
DA:216,0
DA:217,0
DA:218,0
DA:219,0
DA:220,0
DA:221,0
DA:222,0
DA:223,0
DA:224,0
DA:225,0
DA:226,0
DA:227,0
DA:229,0
DA:230,0
DA:236,28
DA:238,0
DA:239,0
DA:240,0
DA:241,0
DA:242,0
DA:243,0
DA:244,0
DA:245,0
DA:246,0
DA:248,0
DA:250,0
DA:252,0
DA:254,0
DA:258,0
DA:262,0
DA:264,28
DA:265,28
DA:266,7
DA:267,21
DA:268,7
DA:269,14
DA:270,7
DA:272,7
DA:274,28
DA:276,0
DA:278,0
DA:280,0
DA:282,0
DA:284,2
DA:285,2
DA:286,2
DA:287,6
DA:288,2
DA:289,2
DA:291,0
DA:294,0
DA:295,0
DA:296,0
DA:297,0
DA:299,0
DA:302,0
DA:303,0
DA:304,0
DA:305,0
DA:306,0
DA:308,0
DA:311,1
DA:312,2
DA:313,1
DA:314,1
DA:316,0
end_of_record
SF:/usr/include/x86_64-linux-gnu/qt5/QtCore/qbasicatomic.h
FN:107,_ZNK19QBasicAtomicIntegerIiE11loadRelaxedEv
FNDA:0,_ZNK19QBasicAtomicIntegerIiE11loadRelaxedEv
FN:119,_ZN19QBasicAtomicIntegerIiE5derefEv
FNDA:0,_ZN19QBasicAtomicIntegerIiE5derefEv
DA:107,0
DA:119,0
end_of_record
SF:/usr/include/c++/11/ext/aligned_buffer.h
FN:102,_ZN9__gnu_cxx16__aligned_bufferISt4pairIK12ResourceTypejEE7_M_addrEv
FNDA:0,_ZN9__gnu_cxx16__aligned_bufferISt4pairIK12ResourceTypejEE7_M_addrEv
FN:102,_ZN9__gnu_cxx16__aligned_bufferISt4pairIK12ResourceTypeiEE7_M_addrEv
FNDA:40,_ZN9__gnu_cxx16__aligned_bufferISt4pairIK12ResourceTypeiEE7_M_addrEv
FN:114,_ZN9__gnu_cxx16__aligned_bufferISt4pairIK12ResourceTypejEE6_M_ptrEv
FNDA:0,_ZN9__gnu_cxx16__aligned_bufferISt4pairIK12ResourceTypejEE6_M_ptrEv
FN:114,_ZN9__gnu_cxx16__aligned_bufferISt4pairIK12ResourceTypeiEE6_M_ptrEv
FNDA:40,_ZN9__gnu_cxx16__aligned_bufferISt4pairIK12ResourceTypeiEE6_M_ptrEv
DA:102,0
DA:104,0
DA:102,40
DA:104,40
DA:114,0
DA:115,0
DA:114,40
DA:115,40
end_of_record
SF:/usr/include/c++/11/bits/basic_string.h
FN:533,_ZNSt7__cxx1112basic_stringIcSt11char_traitsIcESaIcEEC2IS3_EEPKcRKS3_
FNDA:58,_ZNSt7__cxx1112basic_stringIcSt11char_traitsIcESaIcEEC2IS3_EEPKcRKS3_
DA:533,58
DA:534,58
DA:536,58
DA:539,58
DA:540,58
end_of_record
SF:/home/stefan/Desktop/Catan/06-catan/src/headers/player.h
end_of_record
SF:/usr/include/c++/11/initializer_list
FN:71,_ZNKSt16initializer_listIP6PlayerE4sizeEv
FNDA:4,_ZNKSt16initializer_listIP6PlayerE4sizeEv
FN:75,_ZNKSt16initializer_listIP6PlayerE5beginEv
FNDA:2,_ZNKSt16initializer_listIP6PlayerE5beginEv
FN:79,_ZNKSt16initializer_listIP6PlayerE3endEv
FNDA:1,_ZNKSt16initializer_listIP6PlayerE3endEv
DA:71,4
DA:75,2
DA:79,1
end_of_record
SF:/usr/include/x86_64-linux-gnu/qt5/QtCore/qarraydata.h
FN:57,_ZN10QArrayData4dataEv
FNDA:0,_ZN10QArrayData4dataEv
FN:123,_ZN10QArrayData10sharedNullEv
FNDA:0,_ZN10QArrayData10sharedNullEv
FN:208,_ZN15QTypedArrayDataIP6PlayerE4dataEv
FNDA:1,_ZN15QTypedArrayDataIP6PlayerE4dataEv
FN:208,_ZN15QTypedArrayDataIP4NodeE4dataEv
FNDA:0,_ZN15QTypedArrayDataIP4NodeE4dataEv
FN:208,_ZN15QTypedArrayDataIP5FieldE4dataEv
FNDA:0,_ZN15QTypedArrayDataIP5FieldE4dataEv
FN:211,_ZN15QTypedArrayDataIP5FieldE5beginEPS1_
FNDA:0,_ZN15QTypedArrayDataIP5FieldE5beginEPS1_
FN:211,_ZN15QTypedArrayDataIP4NodeE5beginEPS1_
FNDA:0,_ZN15QTypedArrayDataIP4NodeE5beginEPS1_
FN:211,_ZN15QTypedArrayDataIP6PlayerE5beginEPS1_
FNDA:1,_ZN15QTypedArrayDataIP6PlayerE5beginEPS1_
FN:212,_ZN15QTypedArrayDataIP5FieldE3endEPS1_
FNDA:0,_ZN15QTypedArrayDataIP5FieldE3endEPS1_
FN:212,_ZN15QTypedArrayDataIP4NodeE3endEPS1_
FNDA:0,_ZN15QTypedArrayDataIP4NodeE3endEPS1_
FN:212,_ZN15QTypedArrayDataIP6PlayerE3endEPS1_
FNDA:0,_ZN15QTypedArrayDataIP6PlayerE3endEPS1_
FN:220,_ZN15QTypedArrayDataIP6PlayerE8allocateEm6QFlagsIN10QArrayData16AllocationOptionEE
FNDA:1,_ZN15QTypedArrayDataIP6PlayerE8allocateEm6QFlagsIN10QArrayData16AllocationOptionEE
FN:220,_ZN15QTypedArrayDataIP5FieldE8allocateEm6QFlagsIN10QArrayData16AllocationOptionEE
FNDA:0,_ZN15QTypedArrayDataIP5FieldE8allocateEm6QFlagsIN10QArrayData16AllocationOptionEE
FN:220,_ZN15QTypedArrayDataIP4NodeE8allocateEm6QFlagsIN10QArrayData16AllocationOptionEE
FNDA:0,_ZN15QTypedArrayDataIP4NodeE8allocateEm6QFlagsIN10QArrayData16AllocationOptionEE
FN:236,_ZN15QTypedArrayDataIP6PlayerE10deallocateEP10QArrayData
FNDA:0,_ZN15QTypedArrayDataIP6PlayerE10deallocateEP10QArrayData
FN:236,_ZN15QTypedArrayDataIP5FieldE10deallocateEP10QArrayData
[...]
DA:569,1
DA:570,1
DA:583,55
DA:584,54
DA:591,54
DA:593,1
DA:595,3
DA:597,3
DA:598,1
DA:599,1
DA:600,1
DA:602,1
DA:603,0
DA:605,1
DA:609,0
DA:610,0
DA:611,0
DA:612,0
DA:613,0
DA:614,0
DA:615,0
DA:616,0
DA:617,0
DA:618,0
DA:621,0
DA:625,3
DA:626,2
DA:628,2
DA:630,2
DA:631,2
DA:632,2
DA:635,0
DA:636,0
DA:637,0
DA:638,0
DA:639,0
DA:640,0
DA:644,0
DA:645,0
DA:647,0
DA:648,0
DA:649,0
DA:650,0
DA:652,0
DA:653,0
DA:654,0
DA:655,0
DA:656,0
DA:657,0
DA:659,0
DA:662,0
DA:664,0
DA:665,0
DA:667,1
DA:668,0
DA:670,0
DA:673,0
DA:674,0
DA:675,0
DA:676,0
DA:677,0
DA:678,0
DA:680,0
DA:685,14
DA:687,0
DA:689,30
DA:691,0
DA:693,29
DA:695,0
DA:697,2
DA:699,25
DA:701,1
DA:702,1
DA:704,1
DA:705,1
DA:706,1
DA:707,1
DA:709,1
DA:710,1
DA:711,1
DA:712,1
DA:714,1
DA:715,1
DA:716,1
DA:717,1
DA:720,1
DA:721,1
DA:722,1
DA:723,1
DA:725,1
DA:726,1
DA:727,1
DA:728,1
DA:730,1
DA:731,1
DA:732,1
DA:733,1
DA:735,1
DA:736,1
DA:737,1
DA:738,1
DA:741,1
DA:742,1
DA:743,1
DA:744,1
DA:746,1
DA:747,1
DA:748,1
DA:749,1
DA:751,1
DA:752,1
DA:753,1
DA:754,1
DA:756,1
DA:757,1
DA:758,1
DA:759,1
DA:761,1
DA:762,1
DA:763,1
DA:764,1
DA:767,1
DA:768,1
DA:769,1
DA:770,1
DA:772,1
DA:773,1
DA:774,1
DA:775,1
DA:777,1
DA:778,1
DA:779,1
DA:780,1
DA:782,1
DA:783,1
DA:784,1
DA:785,1
DA:788,1
DA:789,1
DA:790,1
DA:791,1
DA:793,1
DA:794,1
DA:795,1
DA:796,1
DA:800,1
DA:801,1
DA:802,1
DA:803,1
end_of_record
SF:/usr/include/x86_64-linux-gnu/qt5/QtWidgets/qgraphicsitem.h
FN:502,_ZN13QGraphicsItem6setPosEdd
FNDA:54,_ZN13QGraphicsItem6setPosEdd
DA:502,54
DA:503,54
end_of_record
SF:/usr/include/c++/11/initializer_list
FN:71,_ZNKSt16initializer_listIiE4sizeEv
FNDA:216,_ZNKSt16initializer_listIiE4sizeEv
FN:75,_ZNKSt16initializer_listIiE5beginEv
FNDA:108,_ZNKSt16initializer_listIiE5beginEv
FN:79,_ZNKSt16initializer_listIiE3endEv
FNDA:54,_ZNKSt16initializer_listIiE3endEv
DA:71,216
DA:75,108
DA:79,54
end_of_record
SF:/usr/include/x86_64-linux-gnu/qt5/QtCore/qarraydata.h
FN:57,_ZN10QArrayData4dataEv
FNDA:1352,_ZN10QArrayData4dataEv
FN:123,_ZN10QArrayData10sharedNullEv
FNDA:0,_ZN10QArrayData10sharedNullEv
FN:208,_ZN15QTypedArrayDataIP4NodeE4dataEv
FNDA:297,_ZN15QTypedArrayDataIP4NodeE4dataEv
FN:208,_ZN15QTypedArrayDataIP5FieldE4dataEv
FNDA:86,_ZN15QTypedArrayDataIP5FieldE4dataEv
FN:208,_ZN15QTypedArrayDataIiE4dataEv
FNDA:788,_ZN15QTypedArrayDataIiE4dataEv
FN:208,_ZN15QTypedArrayDataIP8GUI_NodeE4dataEv
FNDA:176,_ZN15QTypedArrayDataIP8GUI_NodeE4dataEv
FN:211,_ZN15QTypedArrayDataIP4NodeE5beginEPS1_
FNDA:190,_ZN15QTypedArrayDataIP4NodeE5beginEPS1_
FN:211,_ZN15QTypedArrayDataIP5FieldE5beginEPS1_
FNDA:35,_ZN15QTypedArrayDataIP5FieldE5beginEPS1_
FN:211,_ZN15QTypedArrayDataIP8GUI_NodeE5beginEPS1_
FNDA:117,_ZN15QTypedArrayDataIP8GUI_NodeE5beginEPS1_
FN:211,_ZN15QTypedArrayDataIiE5beginEPi
FNDA:394,_ZN15QTypedArrayDataIiE5beginEPi
FN:212,_ZN15QTypedArrayDataIP4NodeE3endEPS1_
FNDA:107,_ZN15QTypedArrayDataIP4NodeE3endEPS1_
FN:212,_ZN15QTypedArrayDataIP5FieldE3endEPS1_
FNDA:51,_ZN15QTypedArrayDataIP5FieldE3endEPS1_
FN:212,_ZN15QTypedArrayDataIP8GUI_NodeE3endEPS1_
FNDA:59,_ZN15QTypedArrayDataIP8GUI_NodeE3endEPS1_
FN:212,_ZN15QTypedArrayDataIiE3endEPi
FNDA:394,_ZN15QTypedArrayDataIiE3endEPi
FN:220,_ZN15QTypedArrayDataIP8GUI_NodeE8allocateEm6QFlagsIN10QArrayData16AllocationOptionEE
FNDA:4,_ZN15QTypedArrayDataIP8GUI_NodeE8allocateEm6QFlagsIN10QArrayData16AllocationOptionEE
FN:220,_ZN15QTypedArrayDataIP5FieldE8allocateEm6QFlagsIN10QArrayData16AllocationOptionEE
FNDA:3,_ZN15QTypedArrayDataIP5FieldE8allocateEm6QFlagsIN10QArrayData16AllocationOptionEE
FN:220,_ZN15QTypedArrayDataIiE8allocateEm6QFlagsIN10QArrayData16AllocationOptionEE
FNDA:143,_ZN15QTypedArrayDataIiE8allocateEm6QFlagsIN10QArrayData16AllocationOptionEE
FN:220,_ZN15QTypedArrayDataIP4NodeE8allocateEm6QFlagsIN10QArrayData16AllocationOptionEE
FNDA:23,_ZN15QTypedArrayDataIP4NodeE8allocateEm6QFlagsIN10QArrayData16AllocationOptionEE
FN:236,_ZN15QTypedArrayDataIP4NodeE10deallocateEP10QArrayData
FNDA:4,_ZN15QTypedArrayDataIP4NodeE10deallocateEP10QArrayData
FN:236,_ZN15QTypedArrayDataIP8GUI_NodeE10deallocateEP10QArrayData
FNDA:4,_ZN15QTypedArrayDataIP8GUI_NodeE10deallocateEP10QArrayData
FN:236,_ZN15QTypedArrayDataIP5FieldE10deallocateEP10QArrayData
FNDA:3,_ZN15QTypedArrayDataIP5FieldE10deallocateEP10QArrayData
FN:236,_ZN15QTypedArrayDataIiE10deallocateEP10QArrayData
FNDA:143,_ZN15QTypedArrayDataIiE10deallocateEP10QArrayData
FN:257,_ZN15QTypedArrayDataIiE10sharedNullEv
FNDA:54,_ZN15QTypedArrayDataIiE10sharedNullEv
FN:257,_ZN15QTypedArrayDataIP5FieldE10sharedNullEv
FNDA:1,_ZN15QTypedArrayDataIP5FieldE10sharedNullEv
FN:257,_ZN15QTypedArrayDataIP8GUI_NodeE10sharedNullEv
FNDA:1,_ZN15QTypedArrayDataIP8GUI_NodeE10sharedNullEv
FN:257,_ZN15QTypedArrayDataIP4NodeE10sharedNullEv
FNDA:20,_ZN15QTypedArrayDataIP4NodeE10sharedNullEv
FN:270,_ZN15QTypedArrayDataIP4NodeE15unsharableEmptyEv
FNDA:0,_ZN15QTypedArrayDataIP4NodeE15unsharableEmptyEv
FN:270,_ZN15QTypedArrayDataIiE15unsharableEmptyEv
FNDA:0,_ZN15QTypedArrayDataIiE15unsharableEmptyEv
FN:270,_ZN15QTypedArrayDataIP8GUI_NodeE15unsharableEmptyEv
FNDA:0,_ZN15QTypedArrayDataIP8GUI_NodeE15unsharableEmptyEv
DA:57,1352
DA:61,1352
DA:123,0
DA:208,176
DA:208,788
DA:208,86
DA:208,297
DA:211,117
DA:211,394
DA:211,35
DA:211,190
DA:212,59
DA:212,394
DA:212,51
DA:212,107
DA:220,4
DA:224,4
DA:225,4
DA:220,23
DA:224,23
DA:225,23
DA:220,143
DA:224,143
DA:225,143
DA:220,3
DA:224,3
DA:225,3
DA:236,143
DA:239,143
DA:240,143
DA:236,3
DA:239,3
DA:240,3
DA:236,4
DA:239,4
DA:240,4
DA:236,4
DA:239,4
DA:240,4
DA:257,54
DA:260,54
DA:257,1
DA:260,1
DA:257,1
DA:260,1
DA:257,20
DA:260,20
DA:270,0
DA:273,0
DA:270,0
DA:273,0
DA:270,0
DA:273,0
end_of_record
SF:/home/stefan/Desktop/Catan/06-catan/src/headers/node.h
end_of_record
SF:/usr/include/x86_64-linux-gnu/qt5/QtCore/qpoint.h
FN:291,_ZN7QPointFC2Edd
FNDA:54,_ZN7QPointFC2Edd
DA:291,54
end_of_record
SF:/usr/include/x86_64-linux-gnu/qt5/QtCore/qobject_impl.h
FN:73,_ZN9QtPrivate15ConnectionTypesINS_4ListIJEEELb1EE5typesEv
FNDA:0,_ZN9QtPrivate15ConnectionTypesINS_4ListIJEEELb1EE5typesEv
DA:73,0
end_of_record
SF:/usr/include/c++/11/bits/atomic_base.h
FN:104,_ZStanSt12memory_orderSt23__memory_order_modifier
FNDA:0,_ZStanSt12memory_orderSt23__memory_order_modifier
FN:345,_ZNSt13__atomic_baseIiEC2Ei
FNDA:60,_ZNSt13__atomic_baseIiEC2Ei
FN:384,_ZNSt13__atomic_baseIiEppEv
FNDA:0,_ZNSt13__atomic_baseIiEppEv
FN:392,_ZNSt13__atomic_baseIiEmmEv
FNDA:0,_ZNSt13__atomic_baseIiEmmEv
DA:104,0
DA:106,0
DA:345,60
DA:384,0
DA:385,0
DA:392,0
DA:393,0
DA:484,0
DA:488,0
end_of_record
SF:/usr/include/x86_64-linux-gnu/qt5/QtCore/qvector.h
FN:69,_ZN7QVectorIP4NodeEC2Ev
FNDA:20,_ZN7QVectorIP4NodeEC2Ev
FN:69,_ZN7QVectorIP8GUI_NodeEC2Ev
FNDA:1,_ZN7QVectorIP8GUI_NodeEC2Ev
FN:69,_ZN7QVectorIP5FieldEC2Ev
FNDA:1,_ZN7QVectorIP5FieldEC2Ev
FN:73,_ZN7QVectorIP4NodeED2Ev
FNDA:20,_ZN7QVectorIP4NodeED2Ev
FN:73,_ZN7QVectorIP8GUI_NodeED2Ev
FNDA:1,_ZN7QVectorIP8GUI_NodeED2Ev
FN:73,_ZN7QVectorIP5FieldED2Ev
FNDA:1,_ZN7QVectorIP5FieldED2Ev
FN:73,_ZN7QVectorIiED2Ev
FNDA:108,_ZN7QVectorIiED2Ev
FN:113,_ZNK7QVectorIP5FieldE10isDetachedEv
FNDA:75,_ZNK7QVectorIP5FieldE10isDetachedEv
FN:113,_ZNK7QVectorIP4NodeE10isDetachedEv
FNDA:264,_ZNK7QVectorIP4NodeE10isDetachedEv
FN:113,_ZNK7QVectorIiE10isDetachedEv
FNDA:251,_ZNK7QVectorIiE10isDetachedEv
FN:113,_ZNK7QVectorIP8GUI_NodeE10isDetachedEv
FNDA:162,_ZNK7QVectorIP8GUI_NodeE10isDetachedEv
FN:134,_ZN7QVectorIP4NodeE4dataEv
FNDA:114,_ZN7QVectorIP4NodeE4dataEv
FN:134,_ZN7QVectorIP8GUI_NodeE4dataEv
FNDA:108,_ZN7QVectorIP8GUI_NodeE4dataEv
FN:210,_ZN7QVectorIiE5beginEv
FNDA:54,_ZN7QVectorIiE5beginEv
FN:210,_ZN7QVectorIP4NodeE5beginEv
FNDA:48,_ZN7QVectorIP4NodeE5beginEv
FN:214,_ZN7QVectorIiE3endEv
FNDA:54,_ZN7QVectorIiE3endEv
FN:214,_ZN7QVectorIP4NodeE3endEv
FNDA:48,_ZN7QVectorIP4NodeE3endEv
FN:272,_ZN7QVectorIP8GUI_NodeE9push_backERKS1_
FNDA:54,_ZN7QVectorIP8GUI_NodeE9push_backERKS1_
FN:272,_ZN7QVectorIP4NodeE9push_backERKS1_
FNDA:54,_ZN7QVectorIP4NodeE9push_backERKS1_
FN:272,_ZN7QVectorIP5FieldE9push_backERKS1_
FNDA:19,_ZN7QVectorIP5FieldE9push_backERKS1_
FN:351,_ZN7QVectorIP5FieldE13copyConstructEPKS1_S4_PS1_
FNDA:0,_ZN7QVectorIP5FieldE13copyConstructEPKS1_S4_PS1_
FN:351,_ZN7QVectorIiE13copyConstructEPKiS2_Pi
FNDA:54,_ZN7QVectorIiE13copyConstructEPKiS2_Pi
FN:362,_ZN7QVectorIP4NodeE8destructEPS1_S3_
FNDA:2,_ZN7QVectorIP4NodeE8destructEPS1_S3_
FN:362,_ZN7QVectorIiE8destructEPiS1_
FNDA:108,_ZN7QVectorIiE8destructEPiS1_
FN:362,_ZN7QVectorIP8GUI_NodeE8destructEPS1_S3_
FNDA:1,_ZN7QVectorIP8GUI_NodeE8destructEPS1_S3_
FN:362,_ZN7QVectorIP5FieldE8destructEPS1_S3_
FNDA:1,_ZN7QVectorIP5FieldE8destructEPS1_S3_
FN:372,_ZN7QVectorIP5FieldEC2ERKS2_
FNDA:0,_ZN7QVectorIP5FieldEC2ERKS2_
FN:372,_ZN7QVectorIiEC2ERKS0_
FNDA:0,_ZN7QVectorIiEC2ERKS0_
FN:397,_ZN7QVectorIP4NodeE6detachEv
FNDA:210,_ZN7QVectorIP4NodeE6detachEv
FN:397,_ZN7QVectorIP8GUI_NodeE6detachEv
FNDA:108,_ZN7QVectorIP8GUI_NodeE6detachEv
FN:397,_ZN7QVectorIiE6detachEv
FNDA:108,_ZN7QVectorIiE6detachEv
FN:440,_ZN7QVectorIP4NodeE5clearEv
FNDA:1,_ZN7QVectorIP4NodeE5clearEv
FN:456,_ZN7QVectorIP4NodeEixEi
FNDA:114,_ZN7QVectorIP4NodeEixEi
FN:456,_ZN7QVectorIP8GUI_NodeEixEi
FNDA:108,_ZN7QVectorIP8GUI_NodeEixEi
FN:540,_ZN7QVectorIiEC2ESt16initializer_listIiE
FNDA:54,_ZN7QVectorIiEC2ESt16initializer_listIiE
FN:576,_ZN7QVectorIP4NodeE8freeDataEP15QTypedArrayDataIS1_E
FNDA:1,_ZN7QVectorIP4NodeE8freeDataEP15QTypedArrayDataIS1_E
FN:576,_ZN7QVectorIP8GUI_NodeE8freeDataEP15QTypedArrayDataIS1_E
FNDA:1,_ZN7QVectorIP8GUI_NodeE8freeDataEP15QTypedArrayDataIS1_E
FN:576,_ZN7QVectorIP5FieldE8freeDataEP15QTypedArrayDataIS1_E
FNDA:1,_ZN7QVectorIP5FieldE8freeDataEP15QTypedArrayDataIS1_E
FN:576,_ZN7QVectorIiE8freeDataEP15QTypedArrayDataIiE
FNDA:108,_ZN7QVectorIiE8freeDataEP15QTypedArrayDataIiE
FN:690,_ZN7QVectorIP4NodeE7reallocEi6QFlagsIN10QArrayData16AllocationOptionEE
FNDA:4,_ZN7QVectorIP4NodeE7reallocEi6QFlagsIN10QArrayData16AllocationOptionEE
FN:690,_ZN7QVectorIP8GUI_NodeE7reallocEi6QFlagsIN10QArrayData16AllocationOptionEE
FNDA:4,_ZN7QVectorIP8GUI_NodeE7reallocEi6QFlagsIN10QArrayData16AllocationOptionEE
FN:690,_ZN7QVectorIiE7reallocEi6QFlagsIN10QArrayData16AllocationOptionEE
FNDA:89,_ZN7QVectorIiE7reallocEi6QFlagsIN10QArrayData16AllocationOptionEE
FN:690,_ZN7QVectorIP5FieldE7reallocEi6QFlagsIN10QArrayData16AllocationOptionEE
FNDA:3,_ZN7QVectorIP5FieldE7reallocEi6QFlagsIN10QArrayData16AllocationOptionEE
FN:778,_ZN7QVectorIP4NodeE6appendERKS1_
FNDA:54,_ZN7QVectorIP4NodeE6appendERKS1_
FN:778,_ZN7QVectorIP8GUI_NodeE6appendERKS1_
FNDA:54,_ZN7QVectorIP8GUI_NodeE6appendERKS1_
FN:778,_ZN7QVectorIP5FieldE6appendERKS1_
FNDA:19,_ZN7QVectorIP5FieldE6appendERKS1_
DA:69,1
DA:69,1
DA:69,20
DA:73,108
DA:73,1
DA:73,1
DA:73,20
DA:113,75
DA:113,251
DA:113,162
DA:113,264
DA:134,114
DA:134,108
DA:210,54
DA:210,48
DA:214,54
DA:214,48
DA:272,19
DA:272,54
DA:272,54
DA:351,54
DA:357,54
DA:359,54
DA:351,0
DA:357,0
DA:359,0
DA:362,108
DA:369,108
DA:362,1
DA:369,1
DA:362,1
DA:369,1
DA:362,2
DA:369,2
DA:372,0
DA:374,0
DA:375,0
DA:377,0
DA:378,0
DA:379,0
DA:380,0
DA:382,0
DA:383,0
DA:385,0
DA:386,0
DA:387,0
DA:390,0
DA:372,0
DA:374,0
DA:375,0
DA:377,0
DA:378,0
DA:379,0
DA:380,0
DA:382,0
DA:383,0
DA:385,0
DA:386,0
DA:387,0
DA:390,0
DA:397,108
DA:399,108
DA:401,0
DA:402,0
DA:405,0
DA:408,108
DA:397,108
DA:399,108
DA:401,0
DA:402,0
DA:405,0
DA:408,108
DA:397,210
DA:399,210
DA:401,0
DA:402,0
DA:405,0
DA:408,210
DA:440,1
DA:442,1
DA:443,0
DA:444,1
DA:445,1
DA:456,114
DA:458,114
DA:456,108
DA:458,108
DA:540,54
DA:542,54
DA:543,54
DA:544,54
DA:547,54
DA:548,54
DA:550,0
DA:552,54
DA:576,108
DA:578,108
DA:579,108
DA:580,108
DA:576,1
DA:578,1
DA:579,1
DA:580,1
DA:576,1
DA:578,1
DA:579,1
DA:580,1
DA:576,1
DA:578,1
DA:579,1
DA:580,1
DA:690,3
DA:693,3
DA:695,3
DA:699,3
DA:700,3
DA:706,3
DA:708,3
DA:709,3
DA:710,3
DA:728,3
DA:729,3
DA:732,0
DA:733,0
DA:734,0
DA:736,3
DA:739,3
DA:740,2
DA:743,0
DA:745,2
DA:748,3
DA:757,3
DA:690,89
DA:693,89
DA:695,89
DA:699,89
DA:700,89
DA:706,89
DA:708,89
DA:709,89
DA:710,89
DA:728,89
DA:729,89
DA:732,0
DA:733,0
DA:734,0
DA:736,89
DA:739,89
DA:740,35
DA:743,0
DA:745,35
DA:748,89
DA:757,89
DA:690,4
DA:693,4
DA:695,4
DA:699,4
DA:700,4
DA:706,4
DA:708,4
DA:709,4
DA:710,4
DA:728,4
DA:729,4
DA:732,0
DA:733,0
DA:734,0
DA:736,4
DA:739,4
DA:740,3
DA:743,0
DA:745,3
DA:748,4
DA:757,4
DA:690,4
DA:693,4
DA:695,4
DA:699,4
DA:700,4
DA:706,4
DA:708,4
DA:709,4
DA:710,4
DA:728,4
DA:729,4
DA:732,0
DA:733,0
DA:734,0
DA:736,4
DA:739,4
DA:740,3
DA:743,0
DA:745,3
DA:748,4
DA:757,4
DA:778,19
DA:780,19
DA:781,19
DA:782,3
DA:783,3
DA:784,3
DA:789,3
DA:795,16
DA:797,19
DA:798,19
DA:778,54
DA:780,54
DA:781,54
DA:782,4
DA:783,4
DA:784,4
DA:789,4
DA:795,50
DA:797,54
DA:798,54
DA:778,54
DA:780,54
DA:781,54
DA:782,4
DA:783,4
DA:784,4
DA:789,4
DA:795,50
DA:797,54
DA:798,54
end_of_record
SF:/usr/include/c++/11/bits/move.h
FN:104,_ZSt4moveIRP5FieldEONSt16remove_referenceIT_E4typeEOS4_
FNDA:3,_ZSt4moveIRP5FieldEONSt16remove_referenceIT_E4typeEOS4_
FN:104,_ZSt4moveIRP8GUI_NodeEONSt16remove_referenceIT_E4typeEOS4_
FNDA:4,_ZSt4moveIRP8GUI_NodeEONSt16remove_referenceIT_E4typeEOS4_
FN:104,_ZSt4moveIRP4NodeEONSt16remove_referenceIT_E4typeEOS4_
FNDA:4,_ZSt4moveIRP4NodeEONSt16remove_referenceIT_E4typeEOS4_
DA:104,3
DA:105,3
DA:104,4
DA:105,4
DA:104,4
DA:105,4
end_of_record
SF:/usr/include/x86_64-linux-gnu/qt5/QtCore/qatomic_cxx11.h
FN:237,_ZN10QAtomicOpsIiE11loadRelaxedIiEET_RKSt6atomicIS2_E
FNDA:0,_ZN10QAtomicOpsIiE11loadRelaxedIiEET_RKSt6atomicIS2_E
FN:281,_ZN10QAtomicOpsIiE3refIiEEbRSt6atomicIT_E
FNDA:0,_ZN10QAtomicOpsIiE3refIiEEbRSt6atomicIT_E
FN:287,_ZN10QAtomicOpsIiE5derefIiEEbRSt6atomicIT_E
FNDA:0,_ZN10QAtomicOpsIiE5derefIiEEbRSt6atomicIT_E
DA:237,0
DA:239,0
DA:281,0
DA:283,0
DA:287,0
DA:289,0
end_of_record
SF:/usr/include/x86_64-linux-gnu/qt5/QtCore/qatomic.h
FN:64,_ZN14QAtomicIntegerIiEC2Ei
FNDA:60,_ZN14QAtomicIntegerIiEC2Ei
FN:168,_ZN10QAtomicIntC2Ei
FNDA:60,_ZN10QAtomicIntC2Ei
DA:64,60
DA:168,60
end_of_record
SF:/usr/include/x86_64-linux-gnu/qt5/QtCore/qrefcount.h
FN:54,_ZN9QtPrivate8RefCount3refEv
FNDA:0,_ZN9QtPrivate8RefCount3refEv
FN:65,_ZN9QtPrivate8RefCount5derefEv
FNDA:0,_ZN9QtPrivate8RefCount5derefEv
FN:99,_ZNK9QtPrivate8RefCount8isSharedEv
FNDA:0,_ZNK9QtPrivate8RefCount8isSharedEv
DA:54,0
DA:55,0
DA:57,0
DA:58,0
DA:60,0
DA:61,0
DA:62,0
DA:65,0
DA:66,0
DA:68,0
DA:69,0
DA:71,0
DA:72,0
DA:73,0
DA:99,0
DA:101,0
DA:102,0
end_of_record
SF:/usr/include/c++/11/iostream
end_of_record
SF:/home/stefan/Desktop/Catan/06-catan/src/headers/gui_node.h
FN:19,_ZN8GUI_Node8setBrushE6QBrush
FNDA:0,_ZN8GUI_Node8setBrushE6QBrush
FN:20,_ZNK8GUI_Node8Node_getEv
FNDA:0,_ZNK8GUI_Node8Node_getEv
DA:19,0
DA:20,0
end_of_record
SF:/usr/include/c++/11/atomic
FN:833,_ZNSt6atomicIiEC2Ei
FNDA:60,_ZNSt6atomicIiEC2Ei
DA:833,60
end_of_record
TN:
SF:/usr/include/x86_64-linux-gnu/qt5/QtCore/qflags.h
FN:121,_ZN6QFlagsIN10QArrayData16AllocationOptionEEC2ES1_
FNDA:0,_ZN6QFlagsIN10QArrayData16AllocationOptionEEC2ES1_
DA:121,0
end_of_record
SF:/usr/include/x86_64-linux-gnu/qt5/QtCore/qbasicatomic.h
FN:107,_ZNK19QBasicAtomicIntegerIiE11loadRelaxedEv
FNDA:0,_ZNK19QBasicAtomicIntegerIiE11loadRelaxedEv
FN:119,_ZN19QBasicAtomicIntegerIiE5derefEv
FNDA:0,_ZN19QBasicAtomicIntegerIiE5derefEv
DA:107,0
DA:119,0
end_of_record
SF:/usr/include/c++/11/bits/atomic_base.h
FN:104,_ZStanSt12memory_orderSt23__memory_order_modifier
FNDA:0,_ZStanSt12memory_orderSt23__memory_order_modifier
FN:392,_ZNSt13__atomic_baseIiEmmEv
FNDA:0,_ZNSt13__atomic_baseIiEmmEv
DA:104,0
DA:106,0
DA:392,0
DA:393,0
DA:484,0
DA:488,0
end_of_record
SF:/usr/include/x86_64-linux-gnu/qt5/QtCore/qarraydata.h
FN:57,_ZN10QArrayData4dataEv
FNDA:0,_ZN10QArrayData4dataEv
FN:123,_ZN10QArrayData10sharedNullEv
FNDA:0,_ZN10QArrayData10sharedNullEv
FN:208,_ZN15QTypedArrayDataIiE4dataEv
FNDA:0,_ZN15QTypedArrayDataIiE4dataEv
FN:211,_ZN15QTypedArrayDataIiE5beginEPi
FNDA:0,_ZN15QTypedArrayDataIiE5beginEPi
FN:212,_ZN15QTypedArrayDataIiE3endEPi
FNDA:0,_ZN15QTypedArrayDataIiE3endEPi
FN:220,_ZN15QTypedArrayDataIiE8allocateEm6QFlagsIN10QArrayData16AllocationOptionEE
FNDA:0,_ZN15QTypedArrayDataIiE8allocateEm6QFlagsIN10QArrayData16AllocationOptionEE
FN:236,_ZN15QTypedArrayDataIiE10deallocateEP10QArrayData
FNDA:0,_ZN15QTypedArrayDataIiE10deallocateEP10QArrayData
FN:257,_ZN15QTypedArrayDataIiE10sharedNullEv
FNDA:0,_ZN15QTypedArrayDataIiE10sharedNullEv
FN:270,_ZN15QTypedArrayDataIiE15unsharableEmptyEv
FNDA:0,_ZN15QTypedArrayDataIiE15unsharableEmptyEv
DA:57,0
DA:61,0
DA:123,0
DA:208,0
DA:211,0
DA:212,0
DA:220,0
DA:224,0
DA:225,0
DA:236,0
DA:239,0
DA:240,0
DA:257,0
DA:260,0
DA:270,0
DA:273,0
end_of_record
SF:/home/stefan/Desktop/Catan/06-catan/src/sources/node.cpp
FN:4,_ZN4NodeC2Ei
FNDA:54,_ZN4NodeC2Ei
FN:9,_ZNK4Node6get_idEv
FNDA:0,_ZNK4Node6get_idEv
FN:11,_ZNK4Node18get_is_house_builtEv
FNDA:276,_ZNK4Node18get_is_house_builtEv
FN:13,_ZNK4Node17get_is_city_builtEv
FNDA:276,_ZNK4Node17get_is_city_builtEv
FN:15,_ZNK4Node13get_can_buildEv
FNDA:0,_ZNK4Node13get_can_buildEv
FN:17,_ZNK4Node18get_can_build_cityEv
FNDA:0,_ZNK4Node18get_can_build_cityEv
FN:19,_ZNK4Node9get_ownerEv
FNDA:0,_ZNK4Node9get_ownerEv
FN:21,_ZNK4Node14get_neighboursEv
FNDA:0,_ZNK4Node14get_neighboursEv
FN:24,_ZN4Node18set_is_house_builtEb
FNDA:0,_ZN4Node18set_is_house_builtEb
FN:26,_ZN4Node17set_is_city_builtEb
FNDA:0,_ZN4Node17set_is_city_builtEb
FN:28,_ZN4Node13set_can_buildEb
FNDA:0,_ZN4Node13set_can_buildEb
FN:30,_ZN4Node18set_can_build_cityEb
FNDA:0,_ZN4Node18set_can_build_cityEb
FN:32,_ZN4Node9set_ownerEi
FNDA:0,_ZN4Node9set_ownerEi
FN:34,_ZN4Node11place_houseEi
FNDA:0,_ZN4Node11place_houseEi
FN:39,_ZN4Node10place_cityEi
FNDA:0,_ZN4Node10place_cityEi
FN:45,_ZN4Node18set_all_neighboursER7QVectorIiE
FNDA:54,_ZN4Node18set_all_neighboursER7QVectorIiE
DA:4,54
DA:5,54
DA:6,54
DA:9,0
DA:11,276
DA:13,276
DA:15,0
DA:17,0
DA:19,0
DA:21,0
DA:24,0
DA:26,0
DA:28,0
DA:30,0
DA:32,0
DA:34,0
DA:35,0
DA:36,0
DA:37,0
DA:39,0
DA:40,0
DA:41,0
DA:42,0
DA:43,0
DA:45,54
DA:46,197
DA:47,143
DA:49,54
end_of_record
SF:/usr/include/c++/11/bits/move.h
FN:104,_ZSt4moveIRiEONSt16remove_referenceIT_E4typeEOS2_
FNDA:89,_ZSt4moveIRiEONSt16remove_referenceIT_E4typeEOS2_
DA:104,89
DA:105,89
end_of_record
SF:/usr/include/x86_64-linux-gnu/qt5/QtCore/qvector.h
FN:69,_ZN7QVectorIiEC2Ev
FNDA:54,_ZN7QVectorIiEC2Ev
FN:113,_ZNK7QVectorIiE10isDetachedEv
FNDA:0,_ZNK7QVectorIiE10isDetachedEv
FN:210,_ZN7QVectorIiE5beginEv
FNDA:0,_ZN7QVectorIiE5beginEv
FN:214,_ZN7QVectorIiE3endEv
FNDA:0,_ZN7QVectorIiE3endEv
FN:272,_ZN7QVectorIiE9push_backERKi
FNDA:143,_ZN7QVectorIiE9push_backERKi
FN:362,_ZN7QVectorIiE8destructEPiS1_
FNDA:0,_ZN7QVectorIiE8destructEPiS1_
FN:397,_ZN7QVectorIiE6detachEv
FNDA:0,_ZN7QVectorIiE6detachEv
FN:576,_ZN7QVectorIiE8freeDataEP15QTypedArrayDataIiE
FNDA:0,_ZN7QVectorIiE8freeDataEP15QTypedArrayDataIiE
FN:690,_ZN7QVectorIiE7reallocEi6QFlagsIN10QArrayData16AllocationOptionEE
FNDA:0,_ZN7QVectorIiE7reallocEi6QFlagsIN10QArrayData16AllocationOptionEE
FN:778,_ZN7QVectorIiE6appendERKi
FNDA:143,_ZN7QVectorIiE6appendERKi
DA:69,54
DA:113,0
DA:210,0
DA:214,0
DA:272,143
DA:362,0
DA:369,0
DA:397,0
DA:399,0
DA:401,0
DA:402,0
DA:405,0
DA:408,0
DA:576,0
DA:578,0
DA:579,0
DA:580,0
DA:690,0
DA:693,0
DA:695,0
DA:699,0
DA:700,0
DA:706,0
DA:708,0
DA:709,0
DA:710,0
DA:728,0
DA:729,0
DA:732,0
DA:733,0
DA:734,0
DA:736,0
DA:739,0
DA:740,0
DA:743,0
DA:745,0
DA:748,0
DA:757,0
DA:778,143
DA:780,143
DA:781,143
DA:782,89
DA:783,89
DA:784,89
DA:789,89
DA:795,54
DA:797,143
DA:798,143
end_of_record
SF:/usr/include/x86_64-linux-gnu/qt5/QtCore/qatomic_cxx11.h
FN:237,_ZN10QAtomicOpsIiE11loadRelaxedIiEET_RKSt6atomicIS2_E
FNDA:0,_ZN10QAtomicOpsIiE11loadRelaxedIiEET_RKSt6atomicIS2_E
FN:287,_ZN10QAtomicOpsIiE5derefIiEEbRSt6atomicIT_E
FNDA:0,_ZN10QAtomicOpsIiE5derefIiEEbRSt6atomicIT_E
DA:237,0
DA:239,0
DA:287,0
DA:289,0
end_of_record
SF:/usr/include/x86_64-linux-gnu/qt5/QtCore/qrefcount.h
FN:65,_ZN9QtPrivate8RefCount5derefEv
FNDA:0,_ZN9QtPrivate8RefCount5derefEv
FN:99,_ZNK9QtPrivate8RefCount8isSharedEv
FNDA:0,_ZNK9QtPrivate8RefCount8isSharedEv
DA:65,0
DA:66,0
DA:68,0
DA:69,0
DA:71,0
DA:72,0
DA:73,0
DA:99,0
DA:101,0
DA:102,0
end_of_record
