        -:    0:Source:/home/snele/Desktop/azrs-Projekat/06-catan/src/sources/main.cpp
        -:    0:Graph:main.gcno
        -:    0:Data:-
        -:    0:Runs:0
        -:    1:#include "../headers/mainwindow.h"
        -:    2:
        -:    3:#include <QApplication>
        -:    4:
    #####:    5:auto main(int argc, char *argv[]) -> int
        -:    6:{
    #####:    7:    QApplication a(argc, argv);
    #####:    8:    MainWindow w;
    #####:    9:    w.show();
        -:   10:
    #####:   11:    return a.exec();
        -:   12:}
